[0.017s] Invoking command in '/home/demulab-kohei/colcon_ws/build/livox_ros_driver2': CMAKE_PREFIX_PATH=${CMAKE_PREFIX_PATH}:/home/demulab-kohei/colcon_ws/install/tmp:/opt/ros/foxy /usr/bin/cmake /home/demulab-kohei/colcon_ws/src/livox_ros_driver2 -DAMENT_CMAKE_SYMLINK_INSTALL=1 -DCMAKE_INSTALL_PREFIX=/home/demulab-kohei/colcon_ws/install/livox_ros_driver2
[0.030s] -- livox_ros_driver2 version: 1.2.4
[0.030s] -- Found ament_cmake_auto: 0.9.12 (/opt/ros/foxy/share/ament_cmake_auto/cmake)
[0.050s] -- Found PythonInterp: /usr/bin/python3 (found suitable version "3.8.10", minimum required is "3") 
[0.051s] -- Using PYTHON_EXECUTABLE: /usr/bin/python3
[0.180s] -- Override CMake install command with custom implementation using symlinks instead of copying resources
[0.229s] -- Using all available rosidl_typesupport_c: rosidl_typesupport_fastrtps_c;rosidl_typesupport_introspection_c
[0.231s] -- Found rosidl_adapter: 1.3.1 (/opt/ros/foxy/share/rosidl_adapter/cmake)
[0.344s] -- Using all available rosidl_typesupport_cpp: rosidl_typesupport_fastrtps_cpp;rosidl_typesupport_introspection_cpp
[0.398s] -- Found rmw_implementation_cmake: 1.0.4 (/opt/ros/foxy/share/rmw_implementation_cmake/cmake)
[0.399s] -- Using RMW implementation 'rmw_cyclonedds_cpp' as default
[0.787s] -- Eigen found (include: /usr/include/eigen3, version: 3.3.7)
[0.852s] -- The imported target "vtkParseOGLExt" references the file
[0.852s]    "/usr/bin/vtkParseOGLExt-7.1"
[0.852s] but this file does not exist.  Possible reasons include:
[0.852s] * The file was deleted, renamed, or moved to another location.
[0.852s] * An install or uninstall procedure did not complete successfully.
[0.852s] * The installation package was faulty and contained
[0.852s]    "/usr/lib/cmake/vtk-7.1/VTKTargets.cmake"
[0.852s] but not all the files it references.
[0.852s] 
[0.853s] -- The imported target "vtkRenderingPythonTkWidgets" references the file
[0.853s]    "/usr/lib/x86_64-linux-gnu/libvtkRenderingPythonTkWidgets.so"
[0.853s] but this file does not exist.  Possible reasons include:
[0.853s] * The file was deleted, renamed, or moved to another location.
[0.853s] * An install or uninstall procedure did not complete successfully.
[0.853s] * The installation package was faulty and contained
[0.853s]    "/usr/lib/cmake/vtk-7.1/VTKTargets.cmake"
[0.853s] but not all the files it references.
[0.853s] 
[0.853s] -- The imported target "vtk" references the file
[0.853s]    "/usr/bin/vtk"
[0.853s] but this file does not exist.  Possible reasons include:
[0.853s] * The file was deleted, renamed, or moved to another location.
[0.853s] * An install or uninstall procedure did not complete successfully.
[0.853s] * The installation package was faulty and contained
[0.853s]    "/usr/lib/cmake/vtk-7.1/VTKTargets.cmake"
[0.853s] but not all the files it references.
[0.854s] 
[0.854s] -- The imported target "pvtk" references the file
[0.854s]    "/usr/bin/pvtk"
[0.854s] but this file does not exist.  Possible reasons include:
[0.854s] * The file was deleted, renamed, or moved to another location.
[0.854s] * An install or uninstall procedure did not complete successfully.
[0.854s] * The installation package was faulty and contained
[0.854s]    "/usr/lib/cmake/vtk-7.1/VTKTargets.cmake"
[0.854s] but not all the files it references.
[0.854s] 
[0.867s] -- Checking for module 'libusb-1.0'
[0.870s] --   No package 'libusb-1.0' found
[0.872s] -- Could NOT find USB_10 (missing: USB_10_LIBRARY USB_10_INCLUDE_DIR) 
[0.872s] -- OpenNI disabled because libusb-1.0 not found.
[0.872s] ** WARNING ** io features related to openni will be disabled
[0.875s] -- Checking for module 'libusb-1.0'
[0.877s] --   No package 'libusb-1.0' found
[0.879s] -- Could NOT find USB_10 (missing: USB_10_LIBRARY USB_10_INCLUDE_DIR) 
[0.879s] -- OpenNI 2 disabled because libusb-1.0 not found.
[0.879s] ** WARNING ** io features related to openni2 will be disabled
[0.879s] ** WARNING ** io features related to pcap will be disabled
[0.879s] ** WARNING ** io features related to png will be disabled
[0.888s] -- LIBUSB_1_LIBRARY (missing: LIBUSB_1_INCLUDE_DIR) 
[0.889s] ** WARNING ** io features related to libusb-1.0 will be disabled
[0.892s] -- Checking for module 'libusb-1.0'
[0.894s] --   No package 'libusb-1.0' found
[0.895s] -- Could NOT find USB_10 (missing: USB_10_LIBRARY USB_10_INCLUDE_DIR) 
[0.895s] -- OpenNI disabled because libusb-1.0 not found.
[0.895s] ** WARNING ** visualization features related to openni will be disabled
[0.898s] -- Checking for module 'libusb-1.0'
[0.900s] --   No package 'libusb-1.0' found
[0.902s] -- Could NOT find USB_10 (missing: USB_10_LIBRARY USB_10_INCLUDE_DIR) 
[0.902s] -- OpenNI 2 disabled because libusb-1.0 not found.
[0.902s] ** WARNING ** visualization features related to openni2 will be disabled
[0.912s] -- QHULL found (include: /usr/include, lib: optimized;/usr/lib/x86_64-linux-gnu/libqhull.so;debug;/usr/lib/x86_64-linux-gnu/libqhull.so)
[0.915s] -- Checking for module 'libusb-1.0'
[0.917s] --   No package 'libusb-1.0' found
[0.918s] -- Could NOT find USB_10 (missing: USB_10_LIBRARY USB_10_INCLUDE_DIR) 
[0.918s] -- OpenNI disabled because libusb-1.0 not found.
[0.919s] ** WARNING ** apps features related to openni will be disabled
[0.927s] -- looking for PCL_COMMON
[0.928s] -- looking for PCL_KDTREE
[0.928s] -- looking for PCL_OCTREE
[0.928s] -- looking for PCL_SEARCH
[0.929s] -- looking for PCL_SAMPLE_CONSENSUS
[0.929s] -- looking for PCL_FILTERS
[0.930s] -- looking for PCL_2D
[0.930s] -- looking for PCL_GEOMETRY
[0.930s] -- looking for PCL_IO
[0.931s] -- looking for PCL_FEATURES
[0.931s] -- looking for PCL_ML
[0.932s] -- looking for PCL_SEGMENTATION
[0.932s] -- looking for PCL_VISUALIZATION
[0.933s] -- looking for PCL_SURFACE
[0.933s] -- looking for PCL_REGISTRATION
[0.934s] -- looking for PCL_KEYPOINTS
[0.934s] -- looking for PCL_TRACKING
[0.935s] -- looking for PCL_RECOGNITION
[0.935s] -- looking for PCL_STEREO
[0.935s] -- looking for PCL_APPS
[0.936s] -- looking for PCL_IN_HAND_SCANNER
[0.937s] -- looking for PCL_POINT_CLOUD_EDITOR
[0.937s] -- looking for PCL_OUTOFCORE
[0.937s] -- looking for PCL_PEOPLE
[0.942s] -- Checking for module 'apr-1'
[0.945s] --   No package 'apr-1' found
[0.964s] -- Found PythonInterp: /usr/bin/python3 (found version "3.8.10") 
[1.038s] -- Found ament_cmake_ros: 0.9.2 (/opt/ros/foxy/share/ament_cmake_ros/cmake)
[1.175s] -- Using all available rosidl_typesupport_c: rosidl_typesupport_fastrtps_c;rosidl_typesupport_introspection_c
[1.218s] -- Using all available rosidl_typesupport_cpp: rosidl_typesupport_fastrtps_cpp;rosidl_typesupport_introspection_cpp
[1.240s] -- Found PythonInterp: /usr/bin/python3 (found suitable version "3.8.10", minimum required is "3.5") 
[1.240s] -- Found python_cmake_module: 0.8.1 (/opt/ros/foxy/share/python_cmake_module/cmake)
[1.260s] -- Using PYTHON_EXECUTABLE: /usr/bin/python3
[1.260s] -- Using PYTHON_INCLUDE_DIRS: /usr/include/python3.8
[1.260s] -- Using PYTHON_LIBRARIES: /usr/lib/x86_64-linux-gnu/libpython3.8.so
[1.330s] -- Found ament_lint_auto: 0.9.8 (/opt/ros/foxy/share/ament_lint_auto/cmake)
[1.341s] -- Added test 'copyright' to check source files copyright and LICENSE
[1.344s] -- Added test 'cppcheck' to perform static code analysis on C / C++ code
[1.346s] -- Configured cppcheck include dirs: /home/demulab-kohei/colcon_ws/src/livox_ros_driver2/3rdparty;/home/demulab-kohei/colcon_ws/src/livox_ros_driver2/src
[1.346s] -- Configured cppcheck exclude dirs and/or files: 
[1.349s] -- Added test 'cpplint' to check C / C++ code against the Google style
[1.349s] -- Configured cpplint exclude dirs and/or files: 
[1.350s] -- Added test 'flake8' to check Python code syntax and style conventions
[1.351s] -- Added test 'lint_cmake' to check CMake code style
[1.351s] -- Added test 'pep257' to check Python code against some of the style conventions in PEP 257
[1.355s] -- Added test 'uncrustify' to check C / C++ code style
[1.355s] -- Configured uncrustify additional arguments: 
[1.355s] -- Added test 'xmllint' to check XML markup files
[1.360s] -- Configuring done
[1.429s] -- Generating done
[1.458s] -- Build files have been written to: /home/demulab-kohei/colcon_ws/build/livox_ros_driver2
[1.467s] Invoked command in '/home/demulab-kohei/colcon_ws/build/livox_ros_driver2' returned '0': CMAKE_PREFIX_PATH=${CMAKE_PREFIX_PATH}:/home/demulab-kohei/colcon_ws/install/tmp:/opt/ros/foxy /usr/bin/cmake /home/demulab-kohei/colcon_ws/src/livox_ros_driver2 -DAMENT_CMAKE_SYMLINK_INSTALL=1 -DCMAKE_INSTALL_PREFIX=/home/demulab-kohei/colcon_ws/install/livox_ros_driver2
[1.467s] Invoking command in '/home/demulab-kohei/colcon_ws/build/livox_ros_driver2': CMAKE_PREFIX_PATH=${CMAKE_PREFIX_PATH}:/home/demulab-kohei/colcon_ws/install/tmp:/opt/ros/foxy /usr/bin/cmake --build /home/demulab-kohei/colcon_ws/build/livox_ros_driver2 -- -j20 -l20
[1.509s] [  1%] Built target livox_interfaces2__cpp
[1.510s] [  8%] Built target livox_interfaces2__rosidl_generator_c
[1.516s] [ 10%] [32m[1mLinking CXX executable livox_ros_driver2_node[0m
[1.526s] [ 31%] Built target livox_interfaces2__rosidl_typesupport_cpp
[1.526s] [ 31%] Built target livox_interfaces2__rosidl_typesupport_introspection_cpp
[1.526s] [ 31%] Built target livox_interfaces2__rosidl_typesupport_c
[1.527s] [ 38%] Built target livox_interfaces2__rosidl_typesupport_introspection_c
[1.529s] [ 40%] [32m[1mLinking CXX shared library liblivox_ros_driver2__rosidl_typesupport_fastrtps_cpp.so[0m
[1.591s] [ 45%] Built target livox_interfaces2__rosidl_typesupport_fastrtps_cpp
[1.601s] [ 47%] Built target livox_ros_driver2_node
[1.611s] [ 49%] [32m[1mLinking CXX shared library liblivox_ros_driver2__rosidl_typesupport_fastrtps_c.so[0m
[1.669s] [ 54%] Built target livox_interfaces2__rosidl_typesupport_fastrtps_c
[1.684s] [ 54%] Built target livox_interfaces2
[1.699s] [ 56%] Built target livox_interfaces2__py
[1.719s] [ 57%] [32m[1mLinking C shared library rosidl_generator_py/livox_ros_driver2/liblivox_interfaces2__python.so[0m
[1.719s] [ 59%] [32m[1mLinking CXX shared library liblivox_ros_driver2.so[0m
[1.749s] [ 63%] Built target livox_interfaces2__python
[1.770s] [ 68%] [32m[1mLinking CXX shared library rosidl_generator_py/livox_ros_driver2/livox_ros_driver2_s__rosidl_typesupport_fastrtps_c.cpython-38-x86_64-linux-gnu.so[0m
[1.770s] [ 68%] [32m[1mLinking C shared library rosidl_generator_py/livox_ros_driver2/livox_ros_driver2_s__rosidl_typesupport_introspection_c.cpython-38-x86_64-linux-gnu.so[0m
[1.770s] [ 68%] [32m[1mLinking C shared library rosidl_generator_py/livox_ros_driver2/livox_ros_driver2_s__rosidl_typesupport_c.cpython-38-x86_64-linux-gnu.so[0m
[1.798s] [ 71%] Built target livox_ros_driver2__rosidl_typesupport_c__pyext
[1.799s] [ 71%] Built target livox_ros_driver2__rosidl_typesupport_introspection_c__pyext
[1.819s] [ 73%] Built target livox_ros_driver2__rosidl_typesupport_fastrtps_c__pyext
[2.158s] [100%] Built target livox_ros_driver2
[2.167s] Invoked command in '/home/demulab-kohei/colcon_ws/build/livox_ros_driver2' returned '0': CMAKE_PREFIX_PATH=${CMAKE_PREFIX_PATH}:/home/demulab-kohei/colcon_ws/install/tmp:/opt/ros/foxy /usr/bin/cmake --build /home/demulab-kohei/colcon_ws/build/livox_ros_driver2 -- -j20 -l20
[2.177s] Invoking command in '/home/demulab-kohei/colcon_ws/build/livox_ros_driver2': CMAKE_PREFIX_PATH=${CMAKE_PREFIX_PATH}:/home/demulab-kohei/colcon_ws/install/tmp:/opt/ros/foxy /usr/bin/cmake --install /home/demulab-kohei/colcon_ws/build/livox_ros_driver2
[2.183s] -- Install configuration: ""
[2.183s] -- Execute custom install script
[2.183s] -- Symlinking: /home/demulab-kohei/colcon_ws/install/livox_ros_driver2/share/ament_index/resource_index/rosidl_interfaces/livox_ros_driver2
[2.190s] -- Symlinking: /home/demulab-kohei/colcon_ws/install/livox_ros_driver2/include/livox_ros_driver2/msg/custom_msg.h
[2.197s] -- Symlinking: /home/demulab-kohei/colcon_ws/install/livox_ros_driver2/include/livox_ros_driver2/msg/custom_point.h
[2.203s] -- Symlinking: /home/demulab-kohei/colcon_ws/install/livox_ros_driver2/include/livox_ros_driver2/msg/detail/custom_msg__functions.h
[2.210s] -- Symlinking: /home/demulab-kohei/colcon_ws/install/livox_ros_driver2/include/livox_ros_driver2/msg/detail/custom_msg__struct.h
[2.216s] -- Symlinking: /home/demulab-kohei/colcon_ws/install/livox_ros_driver2/include/livox_ros_driver2/msg/detail/custom_msg__type_support.h
[2.223s] -- Symlinking: /home/demulab-kohei/colcon_ws/install/livox_ros_driver2/include/livox_ros_driver2/msg/detail/custom_point__functions.h
[2.229s] -- Symlinking: /home/demulab-kohei/colcon_ws/install/livox_ros_driver2/include/livox_ros_driver2/msg/detail/custom_point__struct.h
[2.235s] -- Symlinking: /home/demulab-kohei/colcon_ws/install/livox_ros_driver2/include/livox_ros_driver2/msg/detail/custom_point__type_support.h
[2.241s] -- Symlinking: /home/demulab-kohei/colcon_ws/install/livox_ros_driver2/include/livox_ros_driver2/msg/rosidl_generator_c__visibility_control.h
[2.248s] -- Symlinking: /home/demulab-kohei/colcon_ws/install/livox_ros_driver2/share/livox_ros_driver2/environment/library_path.sh
[2.254s] -- Symlinking: /home/demulab-kohei/colcon_ws/install/livox_ros_driver2/share/livox_ros_driver2/environment/library_path.dsv
[2.261s] -- Symlinking: /home/demulab-kohei/colcon_ws/install/livox_ros_driver2/include/livox_ros_driver2/msg/detail/custom_msg__rosidl_typesupport_fastrtps_c.h
[2.267s] -- Symlinking: /home/demulab-kohei/colcon_ws/install/livox_ros_driver2/include/livox_ros_driver2/msg/detail/custom_point__rosidl_typesupport_fastrtps_c.h
[2.274s] -- Symlinking: /home/demulab-kohei/colcon_ws/install/livox_ros_driver2/include/livox_ros_driver2/msg/rosidl_typesupport_fastrtps_c__visibility_control.h
[2.281s] -- Symlinking: /home/demulab-kohei/colcon_ws/install/livox_ros_driver2/lib/liblivox_ros_driver2__rosidl_typesupport_fastrtps_c.so
[2.289s] -- Symlinking: /home/demulab-kohei/colcon_ws/install/livox_ros_driver2/include/livox_ros_driver2/msg/detail/custom_msg__rosidl_typesupport_fastrtps_cpp.hpp
[2.295s] -- Symlinking: /home/demulab-kohei/colcon_ws/install/livox_ros_driver2/include/livox_ros_driver2/msg/detail/custom_point__rosidl_typesupport_fastrtps_cpp.hpp
[2.302s] -- Symlinking: /home/demulab-kohei/colcon_ws/install/livox_ros_driver2/include/livox_ros_driver2/msg/rosidl_typesupport_fastrtps_cpp__visibility_control.h
[2.308s] -- Symlinking: /home/demulab-kohei/colcon_ws/install/livox_ros_driver2/lib/liblivox_ros_driver2__rosidl_typesupport_fastrtps_cpp.so
[2.315s] -- Symlinking: /home/demulab-kohei/colcon_ws/install/livox_ros_driver2/include/livox_ros_driver2/msg/detail/custom_msg__rosidl_typesupport_introspection_c.h
[2.322s] -- Symlinking: /home/demulab-kohei/colcon_ws/install/livox_ros_driver2/include/livox_ros_driver2/msg/detail/custom_point__rosidl_typesupport_introspection_c.h
[2.328s] -- Symlinking: /home/demulab-kohei/colcon_ws/install/livox_ros_driver2/include/livox_ros_driver2/msg/rosidl_typesupport_introspection_c__visibility_control.h
[2.335s] -- Symlinking: /home/demulab-kohei/colcon_ws/install/livox_ros_driver2/include/livox_ros_driver2/msg/custom_msg.hpp
[2.341s] -- Symlinking: /home/demulab-kohei/colcon_ws/install/livox_ros_driver2/include/livox_ros_driver2/msg/custom_point.hpp
[2.348s] -- Symlinking: /home/demulab-kohei/colcon_ws/install/livox_ros_driver2/include/livox_ros_driver2/msg/detail/custom_msg__builder.hpp
[2.354s] -- Symlinking: /home/demulab-kohei/colcon_ws/install/livox_ros_driver2/include/livox_ros_driver2/msg/detail/custom_msg__struct.hpp
[2.360s] -- Symlinking: /home/demulab-kohei/colcon_ws/install/livox_ros_driver2/include/livox_ros_driver2/msg/detail/custom_msg__traits.hpp
[2.367s] -- Symlinking: /home/demulab-kohei/colcon_ws/install/livox_ros_driver2/include/livox_ros_driver2/msg/detail/custom_msg__type_support.hpp
[2.373s] -- Symlinking: /home/demulab-kohei/colcon_ws/install/livox_ros_driver2/include/livox_ros_driver2/msg/detail/custom_point__builder.hpp
[2.379s] -- Symlinking: /home/demulab-kohei/colcon_ws/install/livox_ros_driver2/include/livox_ros_driver2/msg/detail/custom_point__struct.hpp
[2.386s] -- Symlinking: /home/demulab-kohei/colcon_ws/install/livox_ros_driver2/include/livox_ros_driver2/msg/detail/custom_point__traits.hpp
[2.392s] -- Symlinking: /home/demulab-kohei/colcon_ws/install/livox_ros_driver2/include/livox_ros_driver2/msg/detail/custom_point__type_support.hpp
[2.398s] -- Symlinking: /home/demulab-kohei/colcon_ws/install/livox_ros_driver2/include/livox_ros_driver2/msg/rosidl_generator_cpp__visibility_control.hpp
[2.404s] -- Symlinking: /home/demulab-kohei/colcon_ws/install/livox_ros_driver2/include/livox_ros_driver2/msg/detail/custom_msg__rosidl_typesupport_introspection_cpp.hpp
[2.410s] -- Symlinking: /home/demulab-kohei/colcon_ws/install/livox_ros_driver2/include/livox_ros_driver2/msg/detail/custom_point__rosidl_typesupport_introspection_cpp.hpp
[2.417s] -- Symlinking: /home/demulab-kohei/colcon_ws/install/livox_ros_driver2/share/livox_ros_driver2/environment/pythonpath.sh
[2.423s] -- Symlinking: /home/demulab-kohei/colcon_ws/install/livox_ros_driver2/share/livox_ros_driver2/environment/pythonpath.dsv
[2.429s] -- Symlinking: /home/demulab-kohei/colcon_ws/install/livox_ros_driver2/lib/python3.8/site-packages/livox_ros_driver2/__init__.py
[2.436s] -- Symlinking: /home/demulab-kohei/colcon_ws/install/livox_ros_driver2/lib/python3.8/site-packages/livox_ros_driver2/msg/__init__.py
[2.442s] -- Symlinking: /home/demulab-kohei/colcon_ws/install/livox_ros_driver2/lib/python3.8/site-packages/livox_ros_driver2/msg/_custom_msg.py
[2.449s] -- Symlinking: /home/demulab-kohei/colcon_ws/install/livox_ros_driver2/lib/python3.8/site-packages/livox_ros_driver2/msg/_custom_point.py
[2.455s] -- Symlinking: /home/demulab-kohei/colcon_ws/install/livox_ros_driver2/lib/python3.8/site-packages/livox_ros_driver2/livox_ros_driver2_s__rosidl_typesupport_fastrtps_c.cpython-38-x86_64-linux-gnu.so
[2.462s] -- Symlinking: /home/demulab-kohei/colcon_ws/install/livox_ros_driver2/lib/python3.8/site-packages/livox_ros_driver2/livox_ros_driver2_s__rosidl_typesupport_introspection_c.cpython-38-x86_64-linux-gnu.so
[2.468s] -- Symlinking: /home/demulab-kohei/colcon_ws/install/livox_ros_driver2/lib/python3.8/site-packages/livox_ros_driver2/livox_ros_driver2_s__rosidl_typesupport_c.cpython-38-x86_64-linux-gnu.so
[2.475s] -- Symlinking: /home/demulab-kohei/colcon_ws/install/livox_ros_driver2/lib/liblivox_interfaces2__python.so
[2.481s] -- Symlinking: /home/demulab-kohei/colcon_ws/install/livox_ros_driver2/share/livox_ros_driver2/msg/CustomPoint.idl
[2.487s] -- Symlinking: /home/demulab-kohei/colcon_ws/install/livox_ros_driver2/share/livox_ros_driver2/msg/CustomMsg.idl
[2.493s] -- Symlinking: /home/demulab-kohei/colcon_ws/install/livox_ros_driver2/share/livox_ros_driver2/msg/CustomPoint.msg
[2.500s] -- Symlinking: /home/demulab-kohei/colcon_ws/install/livox_ros_driver2/share/livox_ros_driver2/msg/CustomMsg.msg
[2.506s] -- Symlinking: /home/demulab-kohei/colcon_ws/install/livox_ros_driver2/lib/livox_ros_driver2/livox_ros_driver2_node
[2.512s] -- Symlinking: /home/demulab-kohei/colcon_ws/install/livox_ros_driver2/lib/liblivox_ros_driver2.so
[2.519s] -- Symlinking: /home/demulab-kohei/colcon_ws/install/livox_ros_driver2/share/livox_ros_driver2/config/HAP_config.json
[2.525s] -- Symlinking: /home/demulab-kohei/colcon_ws/install/livox_ros_driver2/share/livox_ros_driver2/config/MID360_config.json
[2.531s] -- Symlinking: /home/demulab-kohei/colcon_ws/install/livox_ros_driver2/share/livox_ros_driver2/config/display_point_cloud_ROS1.rviz
[2.538s] -- Symlinking: /home/demulab-kohei/colcon_ws/install/livox_ros_driver2/share/livox_ros_driver2/config/display_point_cloud_ROS2.rviz
[2.544s] -- Symlinking: /home/demulab-kohei/colcon_ws/install/livox_ros_driver2/share/livox_ros_driver2/config/mixed_HAP_MID360_config.json
[2.550s] -- Symlinking: /home/demulab-kohei/colcon_ws/install/livox_ros_driver2/share/livox_ros_driver2/launch_ROS2/msg_HAP_launch.py
[2.557s] -- Symlinking: /home/demulab-kohei/colcon_ws/install/livox_ros_driver2/share/livox_ros_driver2/launch_ROS2/msg_MID360_launch.py
[2.564s] -- Symlinking: /home/demulab-kohei/colcon_ws/install/livox_ros_driver2/share/livox_ros_driver2/launch_ROS2/rviz_HAP_launch.py
[2.570s] -- Symlinking: /home/demulab-kohei/colcon_ws/install/livox_ros_driver2/share/livox_ros_driver2/launch_ROS2/rviz_MID360_launch.py
[2.576s] -- Symlinking: /home/demulab-kohei/colcon_ws/install/livox_ros_driver2/share/livox_ros_driver2/launch_ROS2/rviz_mixed.py
[2.583s] -- Symlinking: /home/demulab-kohei/colcon_ws/install/livox_ros_driver2/share/ament_index/resource_index/package_run_dependencies/livox_ros_driver2
[2.589s] -- Symlinking: /home/demulab-kohei/colcon_ws/install/livox_ros_driver2/share/ament_index/resource_index/parent_prefix_path/livox_ros_driver2
[2.595s] -- Symlinking: /home/demulab-kohei/colcon_ws/install/livox_ros_driver2/share/livox_ros_driver2/environment/ament_prefix_path.sh
[2.602s] -- Symlinking: /home/demulab-kohei/colcon_ws/install/livox_ros_driver2/share/livox_ros_driver2/environment/ament_prefix_path.dsv
[2.608s] -- Symlinking: /home/demulab-kohei/colcon_ws/install/livox_ros_driver2/share/livox_ros_driver2/environment/path.sh
[2.615s] -- Symlinking: /home/demulab-kohei/colcon_ws/install/livox_ros_driver2/share/livox_ros_driver2/environment/path.dsv
[2.621s] -- Symlinking: /home/demulab-kohei/colcon_ws/install/livox_ros_driver2/share/livox_ros_driver2/local_setup.bash
[2.628s] -- Symlinking: /home/demulab-kohei/colcon_ws/install/livox_ros_driver2/share/livox_ros_driver2/local_setup.sh
[2.635s] -- Symlinking: /home/demulab-kohei/colcon_ws/install/livox_ros_driver2/share/livox_ros_driver2/local_setup.zsh
[2.642s] -- Symlinking: /home/demulab-kohei/colcon_ws/install/livox_ros_driver2/share/livox_ros_driver2/local_setup.dsv
[2.649s] -- Symlinking: /home/demulab-kohei/colcon_ws/install/livox_ros_driver2/share/livox_ros_driver2/package.dsv
[2.655s] -- Symlinking: /home/demulab-kohei/colcon_ws/install/livox_ros_driver2/share/ament_index/resource_index/packages/livox_ros_driver2
[2.662s] -- Symlinking: /home/demulab-kohei/colcon_ws/install/livox_ros_driver2/share/ament_index/resource_index/rclcpp_components/livox_ros_driver2
[2.668s] -- Symlinking: /home/demulab-kohei/colcon_ws/install/livox_ros_driver2/share/livox_ros_driver2/cmake/rosidl_cmake-extras.cmake
[2.675s] -- Symlinking: /home/demulab-kohei/colcon_ws/install/livox_ros_driver2/share/livox_ros_driver2/cmake/ament_cmake_export_dependencies-extras.cmake
[2.681s] -- Symlinking: /home/demulab-kohei/colcon_ws/install/livox_ros_driver2/share/livox_ros_driver2/cmake/ament_cmake_export_libraries-extras.cmake
[2.687s] -- Symlinking: /home/demulab-kohei/colcon_ws/install/livox_ros_driver2/share/livox_ros_driver2/cmake/ament_cmake_export_targets-extras.cmake
[2.694s] -- Symlinking: /home/demulab-kohei/colcon_ws/install/livox_ros_driver2/share/livox_ros_driver2/cmake/ament_cmake_export_include_directories-extras.cmake
[2.700s] -- Symlinking: /home/demulab-kohei/colcon_ws/install/livox_ros_driver2/share/livox_ros_driver2/cmake/rosidl_cmake_export_typesupport_libraries-extras.cmake
[2.707s] -- Symlinking: /home/demulab-kohei/colcon_ws/install/livox_ros_driver2/share/livox_ros_driver2/cmake/rosidl_cmake_export_typesupport_targets-extras.cmake
[2.713s] -- Symlinking: /home/demulab-kohei/colcon_ws/install/livox_ros_driver2/share/livox_ros_driver2/cmake/livox_ros_driver2Config.cmake
[2.720s] -- Symlinking: /home/demulab-kohei/colcon_ws/install/livox_ros_driver2/share/livox_ros_driver2/cmake/livox_ros_driver2Config-version.cmake
[2.726s] -- Symlinking: /home/demulab-kohei/colcon_ws/install/livox_ros_driver2/share/livox_ros_driver2/package.xml
[2.732s] -- Up-to-date: /home/demulab-kohei/colcon_ws/install/livox_ros_driver2/lib/liblivox_ros_driver2__rosidl_generator_c.so
[2.733s] -- Up-to-date: /home/demulab-kohei/colcon_ws/install/livox_ros_driver2/lib/liblivox_ros_driver2__rosidl_typesupport_introspection_c.so
[2.733s] -- Up-to-date: /home/demulab-kohei/colcon_ws/install/livox_ros_driver2/lib/liblivox_ros_driver2__rosidl_typesupport_c.so
[2.733s] -- Up-to-date: /home/demulab-kohei/colcon_ws/install/livox_ros_driver2/lib/liblivox_ros_driver2__rosidl_typesupport_introspection_cpp.so
[2.733s] -- Up-to-date: /home/demulab-kohei/colcon_ws/install/livox_ros_driver2/lib/liblivox_ros_driver2__rosidl_typesupport_cpp.so
[2.756s] Compiling '/home/demulab-kohei/colcon_ws/install/livox_ros_driver2/lib/python3.8/site-packages/livox_ros_driver2/__init__.py'...
[2.758s] -- Up-to-date: /home/demulab-kohei/colcon_ws/install/livox_ros_driver2/share/livox_ros_driver2/cmake/livox_interfaces2__rosidl_generator_cExport.cmake
[2.758s] -- Installing: /home/demulab-kohei/colcon_ws/install/livox_ros_driver2/share/livox_ros_driver2/cmake/livox_interfaces2__rosidl_generator_cExport-noconfig.cmake
[2.759s] -- Up-to-date: /home/demulab-kohei/colcon_ws/install/livox_ros_driver2/share/livox_ros_driver2/cmake/livox_interfaces2__rosidl_typesupport_introspection_cExport.cmake
[2.759s] -- Installing: /home/demulab-kohei/colcon_ws/install/livox_ros_driver2/share/livox_ros_driver2/cmake/livox_interfaces2__rosidl_typesupport_introspection_cExport-noconfig.cmake
[2.759s] -- Up-to-date: /home/demulab-kohei/colcon_ws/install/livox_ros_driver2/share/livox_ros_driver2/cmake/livox_interfaces2__rosidl_typesupport_cExport.cmake
[2.759s] -- Installing: /home/demulab-kohei/colcon_ws/install/livox_ros_driver2/share/livox_ros_driver2/cmake/livox_interfaces2__rosidl_typesupport_cExport-noconfig.cmake
[2.759s] -- Up-to-date: /home/demulab-kohei/colcon_ws/install/livox_ros_driver2/share/livox_ros_driver2/cmake/livox_interfaces2__rosidl_generator_cppExport.cmake
[2.759s] -- Up-to-date: /home/demulab-kohei/colcon_ws/install/livox_ros_driver2/share/livox_ros_driver2/cmake/livox_interfaces2__rosidl_typesupport_introspection_cppExport.cmake
[2.759s] -- Installing: /home/demulab-kohei/colcon_ws/install/livox_ros_driver2/share/livox_ros_driver2/cmake/livox_interfaces2__rosidl_typesupport_introspection_cppExport-noconfig.cmake
[2.759s] -- Up-to-date: /home/demulab-kohei/colcon_ws/install/livox_ros_driver2/share/livox_ros_driver2/cmake/livox_interfaces2__rosidl_typesupport_cppExport.cmake
[2.759s] -- Installing: /home/demulab-kohei/colcon_ws/install/livox_ros_driver2/share/livox_ros_driver2/cmake/livox_interfaces2__rosidl_typesupport_cppExport-noconfig.cmake
[2.761s] Invoked command in '/home/demulab-kohei/colcon_ws/build/livox_ros_driver2' returned '0': CMAKE_PREFIX_PATH=${CMAKE_PREFIX_PATH}:/home/demulab-kohei/colcon_ws/install/tmp:/opt/ros/foxy /usr/bin/cmake --install /home/demulab-kohei/colcon_ws/build/livox_ros_driver2
