[0.011s] Invoking command in '/home/demulab-kohei/colcon_ws/build/livox_ros_driver2': CMAKE_PREFIX_PATH=/opt/ros/foxy /usr/bin/cmake /home/demulab-kohei/colcon_ws/src/livox_ros_driver2 -DCMAKE_INSTALL_PREFIX=/home/demulab-kohei/colcon_ws/install/livox_ros_driver2
[0.052s] -- The C compiler identification is GNU 9.4.0
[0.087s] -- The CXX compiler identification is GNU 9.4.0
[0.091s] -- Check for working C compiler: /usr/bin/cc
[0.138s] -- Check for working C compiler: /usr/bin/cc -- works
[0.138s] -- Detecting C compiler ABI info
[0.186s] -- Detecting C compiler ABI info - done
[0.194s] -- Detecting C compile features
[0.194s] -- Detecting C compile features - done
[0.196s] -- Check for working CXX compiler: /usr/bin/c++
[0.250s] -- Check for working CXX compiler: /usr/bin/c++ -- works
[0.250s] -- Detecting CXX compiler ABI info
[0.305s] -- Detecting CXX compiler ABI info - done
[0.320s] -- Detecting CXX compile features
[0.321s] -- Detecting CXX compile features - done
[0.322s] -- livox_ros_driver2 version: 1.2.4
[0.323s] -- Found ament_cmake_auto: 0.9.12 (/opt/ros/foxy/share/ament_cmake_auto/cmake)
[0.344s] -- Found PythonInterp: /usr/bin/python3 (found suitable version "3.8.10", minimum required is "3") 
[0.344s] -- Using PYTHON_EXECUTABLE: /usr/bin/python3
[0.459s] Invoked command in '/home/demulab-kohei/colcon_ws/build/livox_ros_driver2' returned '-2': CMAKE_PREFIX_PATH=/opt/ros/foxy /usr/bin/cmake /home/demulab-kohei/colcon_ws/src/livox_ros_driver2 -DCMAKE_INSTALL_PREFIX=/home/demulab-kohei/colcon_ws/install/livox_ros_driver2
