[0.137s] DEBUG:colcon:Command line arguments: ['/usr/bin/colcon', 'build', '--cmake-args', '-DROS_EDITION=ROS2', '-DHUMBLE_ROS=']
[0.137s] DEBUG:colcon:Parsed command line arguments: Namespace(allow_overriding=[], ament_cmake_args=None, base_paths=['.'], build_base='build', catkin_cmake_args=None, catkin_skip_building_tests=False, cmake_args=['-DROS_EDITION=ROS2', '-DHUMBLE_ROS='], cmake_clean_cache=False, cmake_clean_first=False, cmake_force_configure=False, cmake_target=None, cmake_target_skip_unavailable=False, continue_on_error=False, event_handlers=None, executor='parallel', ignore_user_meta=False, install_base='install', log_base=None, log_level=None, main=<bound method BuildVerb.main of <colcon_core.verb.build.BuildVerb object at 0x745ae588dac0>>, merge_install=False, metas=['./colcon.meta'], packages_above=None, packages_above_and_dependencies=None, packages_above_depth=None, packages_end=None, packages_ignore=None, packages_ignore_regex=None, packages_select=None, packages_select_build_failed=False, packages_select_by_dep=None, packages_select_regex=None, packages_select_test_failures=False, packages_skip=None, packages_skip_build_finished=False, packages_skip_by_dep=None, packages_skip_regex=None, packages_skip_test_passed=False, packages_skip_up_to=None, packages_start=None, packages_up_to=None, packages_up_to_regex=None, parallel_workers=20, paths=None, symlink_install=False, test_result_base=None, verb_extension=<colcon_core.verb.build.BuildVerb object at 0x745ae588dac0>, verb_name='build', verb_parser=<colcon_defaults.argument_parser.defaults.DefaultArgumentsDecorator object at 0x745ae588dfa0>)
[0.239s] Level 1:colcon.colcon_core.package_discovery:discover_packages(colcon_meta) check parameters
[0.239s] Level 1:colcon.colcon_core.package_discovery:discover_packages(recursive) check parameters
[0.239s] Level 1:colcon.colcon_core.package_discovery:discover_packages(ignore) check parameters
[0.239s] Level 1:colcon.colcon_core.package_discovery:discover_packages(path) check parameters
[0.239s] Level 1:colcon.colcon_core.package_discovery:discover_packages(colcon_meta) discover
[0.239s] Level 1:colcon.colcon_core.package_discovery:discover_packages(recursive) discover
[0.240s] INFO:colcon.colcon_core.package_discovery:Crawling recursively for packages in '/home/demulab-kohei/colcon_ws'
[0.240s] Level 1:colcon.colcon_core.package_identification:_identify(.) by extensions ['ignore', 'ignore_ament_install']
[0.240s] Level 1:colcon.colcon_core.package_identification:_identify(.) by extension 'ignore'
[0.240s] Level 1:colcon.colcon_core.package_identification:_identify(.) by extension 'ignore_ament_install'
[0.240s] Level 1:colcon.colcon_core.package_identification:_identify(.) by extensions ['colcon_pkg']
[0.240s] Level 1:colcon.colcon_core.package_identification:_identify(.) by extension 'colcon_pkg'
[0.240s] Level 1:colcon.colcon_core.package_identification:_identify(.) by extensions ['colcon_meta']
[0.240s] Level 1:colcon.colcon_core.package_identification:_identify(.) by extension 'colcon_meta'
[0.240s] Level 1:colcon.colcon_core.package_identification:_identify(.) by extensions ['ros']
[0.240s] Level 1:colcon.colcon_core.package_identification:_identify(.) by extension 'ros'
[0.247s] Level 1:colcon.colcon_core.package_identification:_identify(.) by extensions ['cmake', 'python']
[0.247s] Level 1:colcon.colcon_core.package_identification:_identify(.) by extension 'cmake'
[0.247s] Level 1:colcon.colcon_core.package_identification:_identify(.) by extension 'python'
[0.247s] Level 1:colcon.colcon_core.package_identification:_identify(.) by extensions ['python_setup_py']
[0.247s] Level 1:colcon.colcon_core.package_identification:_identify(.) by extension 'python_setup_py'
[0.247s] Level 1:colcon.colcon_core.package_identification:_identify(build) by extensions ['ignore', 'ignore_ament_install']
[0.248s] Level 1:colcon.colcon_core.package_identification:_identify(build) by extension 'ignore'
[0.248s] Level 1:colcon.colcon_core.package_identification:_identify(build) ignored
[0.248s] Level 1:colcon.colcon_core.package_identification:_identify(install) by extensions ['ignore', 'ignore_ament_install']
[0.248s] Level 1:colcon.colcon_core.package_identification:_identify(install) by extension 'ignore'
[0.248s] Level 1:colcon.colcon_core.package_identification:_identify(install) ignored
[0.248s] Level 1:colcon.colcon_core.package_identification:_identify(log) by extensions ['ignore', 'ignore_ament_install']
[0.248s] Level 1:colcon.colcon_core.package_identification:_identify(log) by extension 'ignore'
[0.248s] Level 1:colcon.colcon_core.package_identification:_identify(log) ignored
[0.248s] Level 1:colcon.colcon_core.package_identification:_identify(src) by extensions ['ignore', 'ignore_ament_install']
[0.248s] Level 1:colcon.colcon_core.package_identification:_identify(src) by extension 'ignore'
[0.248s] Level 1:colcon.colcon_core.package_identification:_identify(src) by extension 'ignore_ament_install'
[0.248s] Level 1:colcon.colcon_core.package_identification:_identify(src) by extensions ['colcon_pkg']
[0.248s] Level 1:colcon.colcon_core.package_identification:_identify(src) by extension 'colcon_pkg'
[0.248s] Level 1:colcon.colcon_core.package_identification:_identify(src) by extensions ['colcon_meta']
[0.248s] Level 1:colcon.colcon_core.package_identification:_identify(src) by extension 'colcon_meta'
[0.248s] Level 1:colcon.colcon_core.package_identification:_identify(src) by extensions ['ros']
[0.248s] Level 1:colcon.colcon_core.package_identification:_identify(src) by extension 'ros'
[0.248s] Level 1:colcon.colcon_core.package_identification:_identify(src) by extensions ['cmake', 'python']
[0.248s] Level 1:colcon.colcon_core.package_identification:_identify(src) by extension 'cmake'
[0.248s] Level 1:colcon.colcon_core.package_identification:_identify(src) by extension 'python'
[0.248s] Level 1:colcon.colcon_core.package_identification:_identify(src) by extensions ['python_setup_py']
[0.248s] Level 1:colcon.colcon_core.package_identification:_identify(src) by extension 'python_setup_py'
[0.248s] Level 1:colcon.colcon_core.package_identification:_identify(src/livox_ros_driver2) by extensions ['ignore', 'ignore_ament_install']
[0.249s] Level 1:colcon.colcon_core.package_identification:_identify(src/livox_ros_driver2) by extension 'ignore'
[0.249s] Level 1:colcon.colcon_core.package_identification:_identify(src/livox_ros_driver2) by extension 'ignore_ament_install'
[0.249s] Level 1:colcon.colcon_core.package_identification:_identify(src/livox_ros_driver2) by extensions ['colcon_pkg']
[0.249s] Level 1:colcon.colcon_core.package_identification:_identify(src/livox_ros_driver2) by extension 'colcon_pkg'
[0.249s] Level 1:colcon.colcon_core.package_identification:_identify(src/livox_ros_driver2) by extensions ['colcon_meta']
[0.249s] Level 1:colcon.colcon_core.package_identification:_identify(src/livox_ros_driver2) by extension 'colcon_meta'
[0.249s] Level 1:colcon.colcon_core.package_identification:_identify(src/livox_ros_driver2) by extensions ['ros']
[0.249s] Level 1:colcon.colcon_core.package_identification:_identify(src/livox_ros_driver2) by extension 'ros'
[0.251s] DEBUG:colcon.colcon_core.package_identification:Package 'src/livox_ros_driver2' with type 'ros.ament_cmake' and name 'livox_ros_driver2'
[0.251s] Level 1:colcon.colcon_core.package_identification:_identify(src/tmp) by extensions ['ignore', 'ignore_ament_install']
[0.251s] Level 1:colcon.colcon_core.package_identification:_identify(src/tmp) by extension 'ignore'
[0.251s] Level 1:colcon.colcon_core.package_identification:_identify(src/tmp) by extension 'ignore_ament_install'
[0.251s] Level 1:colcon.colcon_core.package_identification:_identify(src/tmp) by extensions ['colcon_pkg']
[0.251s] Level 1:colcon.colcon_core.package_identification:_identify(src/tmp) by extension 'colcon_pkg'
[0.251s] Level 1:colcon.colcon_core.package_identification:_identify(src/tmp) by extensions ['colcon_meta']
[0.251s] Level 1:colcon.colcon_core.package_identification:_identify(src/tmp) by extension 'colcon_meta'
[0.251s] Level 1:colcon.colcon_core.package_identification:_identify(src/tmp) by extensions ['ros']
[0.251s] Level 1:colcon.colcon_core.package_identification:_identify(src/tmp) by extension 'ros'
[0.251s] DEBUG:colcon.colcon_core.package_identification:Package 'src/tmp' with type 'ros.ament_python' and name 'tmp'
[0.252s] Level 1:colcon.colcon_core.package_discovery:discover_packages(recursive) using defaults
[0.252s] Level 1:colcon.colcon_core.package_discovery:discover_packages(ignore) discover
[0.252s] Level 1:colcon.colcon_core.package_discovery:discover_packages(ignore) using defaults
[0.252s] Level 1:colcon.colcon_core.package_discovery:discover_packages(path) discover
[0.252s] Level 1:colcon.colcon_core.package_discovery:discover_packages(path) using defaults
[0.262s] Level 1:colcon.colcon_core.package_discovery:discover_packages(prefix_path) check parameters
[0.262s] Level 1:colcon.colcon_core.package_discovery:discover_packages(prefix_path) discover
[0.263s] DEBUG:colcon.colcon_installed_package_information.package_discovery:Found 267 installed packages in /opt/ros/foxy
[0.265s] Level 1:colcon.colcon_core.package_discovery:discover_packages(prefix_path) using defaults
[0.312s] Level 5:colcon.colcon_core.verb:set package 'livox_ros_driver2' build argument 'cmake_args' from command line to '['-DROS_EDITION=ROS2', '-DHUMBLE_ROS=']'
[0.312s] Level 5:colcon.colcon_core.verb:set package 'livox_ros_driver2' build argument 'cmake_target' from command line to 'None'
[0.312s] Level 5:colcon.colcon_core.verb:set package 'livox_ros_driver2' build argument 'cmake_target_skip_unavailable' from command line to 'False'
[0.312s] Level 5:colcon.colcon_core.verb:set package 'livox_ros_driver2' build argument 'cmake_clean_cache' from command line to 'False'
[0.312s] Level 5:colcon.colcon_core.verb:set package 'livox_ros_driver2' build argument 'cmake_clean_first' from command line to 'False'
[0.312s] Level 5:colcon.colcon_core.verb:set package 'livox_ros_driver2' build argument 'cmake_force_configure' from command line to 'False'
[0.312s] Level 5:colcon.colcon_core.verb:set package 'livox_ros_driver2' build argument 'ament_cmake_args' from command line to 'None'
[0.312s] Level 5:colcon.colcon_core.verb:set package 'livox_ros_driver2' build argument 'catkin_cmake_args' from command line to 'None'
[0.312s] Level 5:colcon.colcon_core.verb:set package 'livox_ros_driver2' build argument 'catkin_skip_building_tests' from command line to 'False'
[0.312s] DEBUG:colcon.colcon_core.verb:Building package 'livox_ros_driver2' with the following arguments: {'ament_cmake_args': None, 'build_base': '/home/demulab-kohei/colcon_ws/build/livox_ros_driver2', 'catkin_cmake_args': None, 'catkin_skip_building_tests': False, 'cmake_args': ['-DROS_EDITION=ROS2', '-DHUMBLE_ROS='], 'cmake_clean_cache': False, 'cmake_clean_first': False, 'cmake_force_configure': False, 'cmake_target': None, 'cmake_target_skip_unavailable': False, 'install_base': '/home/demulab-kohei/colcon_ws/install/livox_ros_driver2', 'merge_install': False, 'path': '/home/demulab-kohei/colcon_ws/src/livox_ros_driver2', 'symlink_install': False, 'test_result_base': None}
[0.313s] Level 5:colcon.colcon_core.verb:set package 'tmp' build argument 'cmake_args' from command line to '['-DROS_EDITION=ROS2', '-DHUMBLE_ROS=']'
[0.313s] Level 5:colcon.colcon_core.verb:set package 'tmp' build argument 'cmake_target' from command line to 'None'
[0.313s] Level 5:colcon.colcon_core.verb:set package 'tmp' build argument 'cmake_target_skip_unavailable' from command line to 'False'
[0.313s] Level 5:colcon.colcon_core.verb:set package 'tmp' build argument 'cmake_clean_cache' from command line to 'False'
[0.313s] Level 5:colcon.colcon_core.verb:set package 'tmp' build argument 'cmake_clean_first' from command line to 'False'
[0.313s] Level 5:colcon.colcon_core.verb:set package 'tmp' build argument 'cmake_force_configure' from command line to 'False'
[0.313s] Level 5:colcon.colcon_core.verb:set package 'tmp' build argument 'ament_cmake_args' from command line to 'None'
[0.313s] Level 5:colcon.colcon_core.verb:set package 'tmp' build argument 'catkin_cmake_args' from command line to 'None'
[0.313s] Level 5:colcon.colcon_core.verb:set package 'tmp' build argument 'catkin_skip_building_tests' from command line to 'False'
[0.313s] DEBUG:colcon.colcon_core.verb:Building package 'tmp' with the following arguments: {'ament_cmake_args': None, 'build_base': '/home/demulab-kohei/colcon_ws/build/tmp', 'catkin_cmake_args': None, 'catkin_skip_building_tests': False, 'cmake_args': ['-DROS_EDITION=ROS2', '-DHUMBLE_ROS='], 'cmake_clean_cache': False, 'cmake_clean_first': False, 'cmake_force_configure': False, 'cmake_target': None, 'cmake_target_skip_unavailable': False, 'install_base': '/home/demulab-kohei/colcon_ws/install/tmp', 'merge_install': False, 'path': '/home/demulab-kohei/colcon_ws/src/tmp', 'symlink_install': False, 'test_result_base': None}
[0.313s] INFO:colcon.colcon_core.executor:Executing jobs using 'parallel' executor
[0.314s] DEBUG:colcon.colcon_parallel_executor.executor.parallel:run_until_complete
[0.314s] INFO:colcon.colcon_ros.task.ament_cmake.build:Building ROS package in '/home/demulab-kohei/colcon_ws/src/livox_ros_driver2' with build type 'ament_cmake'
[0.314s] INFO:colcon.colcon_cmake.task.cmake.build:Building CMake package in '/home/demulab-kohei/colcon_ws/src/livox_ros_driver2'
[0.315s] INFO:colcon.colcon_core.plugin_system:Skipping extension 'colcon_core.shell.bat': Not used on non-Windows systems
[0.315s] INFO:colcon.colcon_core.shell:Skip shell extension 'powershell' for command environment: Not usable outside of PowerShell
[0.316s] DEBUG:colcon.colcon_core.shell:Skip shell extension 'dsv' for command environment
[0.319s] INFO:colcon.colcon_ros.task.ament_python.build:Building ROS package in '/home/demulab-kohei/colcon_ws/src/tmp' with build type 'ament_python'
[0.319s] Level 1:colcon.colcon_core.shell:create_environment_hook('tmp', 'ament_prefix_path')
[0.319s] INFO:colcon.colcon_core.shell:Creating environment hook '/home/demulab-kohei/colcon_ws/install/tmp/share/tmp/hook/ament_prefix_path.ps1'
[0.320s] INFO:colcon.colcon_core.shell:Creating environment descriptor '/home/demulab-kohei/colcon_ws/install/tmp/share/tmp/hook/ament_prefix_path.dsv'
[0.320s] INFO:colcon.colcon_core.shell:Creating environment hook '/home/demulab-kohei/colcon_ws/install/tmp/share/tmp/hook/ament_prefix_path.sh'
[0.321s] INFO:colcon.colcon_core.shell:Skip shell extension 'powershell' for command environment: Not usable outside of PowerShell
[0.321s] DEBUG:colcon.colcon_core.shell:Skip shell extension 'dsv' for command environment
[0.326s] DEBUG:colcon.colcon_core.event_handler.log_command:Invoking command in '/home/demulab-kohei/colcon_ws/build/livox_ros_driver2': CMAKE_PREFIX_PATH=/opt/ros/foxy /usr/bin/cmake /home/demulab-kohei/colcon_ws/src/livox_ros_driver2 -DROS_EDITION=ROS2 -DHUMBLE_ROS= -DCMAKE_INSTALL_PREFIX=/home/demulab-kohei/colcon_ws/install/livox_ros_driver2
[0.488s] INFO:colcon.colcon_core.task.python.build:Building Python package in '/home/demulab-kohei/colcon_ws/src/tmp'
[0.488s] INFO:colcon.colcon_core.shell:Skip shell extension 'powershell' for command environment: Not usable outside of PowerShell
[0.488s] DEBUG:colcon.colcon_core.shell:Skip shell extension 'dsv' for command environment
[0.757s] DEBUG:colcon.colcon_core.event_handler.log_command:Invoking command in '/home/demulab-kohei/colcon_ws/src/tmp': PYTHONPATH=/home/demulab-kohei/colcon_ws/build/tmp/prefix_override:/usr/lib/python3/dist-packages/colcon_core/task/python/colcon_distutils_commands:/home/demulab-kohei/colcon_ws/install/tmp/lib/python3.8/site-packages:${PYTHONPATH} /usr/bin/python3 -W ignore:setup.py install is deprecated -W ignore:easy_install command is deprecated setup.py egg_info --egg-base ../../build/tmp build --build-base /home/demulab-kohei/colcon_ws/build/tmp/build install --record /home/demulab-kohei/colcon_ws/build/tmp/install.log --install-scripts $base/lib/tmp --single-version-externally-managed install_data
[0.958s] DEBUG:colcon.colcon_core.event_handler.log_command:Invoked command in '/home/demulab-kohei/colcon_ws/src/tmp' returned '0': PYTHONPATH=/home/demulab-kohei/colcon_ws/build/tmp/prefix_override:/usr/lib/python3/dist-packages/colcon_core/task/python/colcon_distutils_commands:/home/demulab-kohei/colcon_ws/install/tmp/lib/python3.8/site-packages:${PYTHONPATH} /usr/bin/python3 -W ignore:setup.py install is deprecated -W ignore:easy_install command is deprecated setup.py egg_info --egg-base ../../build/tmp build --build-base /home/demulab-kohei/colcon_ws/build/tmp/build install --record /home/demulab-kohei/colcon_ws/build/tmp/install.log --install-scripts $base/lib/tmp --single-version-externally-managed install_data
[0.960s] Level 1:colcon.colcon_core.environment:checking '/home/demulab-kohei/colcon_ws/install/tmp' for CMake module files
[0.960s] Level 1:colcon.colcon_core.environment:checking '/home/demulab-kohei/colcon_ws/install/tmp' for CMake config files
[0.961s] Level 1:colcon.colcon_core.environment:checking '/home/demulab-kohei/colcon_ws/install/tmp/lib'
[0.961s] Level 1:colcon.colcon_core.environment:checking '/home/demulab-kohei/colcon_ws/install/tmp/bin'
[0.961s] Level 1:colcon.colcon_core.environment:checking '/home/demulab-kohei/colcon_ws/install/tmp/lib/pkgconfig/tmp.pc'
[0.961s] Level 1:colcon.colcon_core.environment:checking '/home/demulab-kohei/colcon_ws/install/tmp/lib/python3.8/site-packages'
[0.961s] Level 1:colcon.colcon_core.shell:create_environment_hook('tmp', 'pythonpath')
[0.962s] INFO:colcon.colcon_core.shell:Creating environment hook '/home/demulab-kohei/colcon_ws/install/tmp/share/tmp/hook/pythonpath.ps1'
[0.962s] INFO:colcon.colcon_core.shell:Creating environment descriptor '/home/demulab-kohei/colcon_ws/install/tmp/share/tmp/hook/pythonpath.dsv'
[0.962s] INFO:colcon.colcon_core.shell:Creating environment hook '/home/demulab-kohei/colcon_ws/install/tmp/share/tmp/hook/pythonpath.sh'
[0.962s] Level 1:colcon.colcon_core.environment:checking '/home/demulab-kohei/colcon_ws/install/tmp/bin'
[0.963s] Level 1:colcon.colcon_core.environment:create_environment_scripts_only(tmp)
[0.963s] INFO:colcon.colcon_core.shell:Creating package script '/home/demulab-kohei/colcon_ws/install/tmp/share/tmp/package.ps1'
[0.963s] INFO:colcon.colcon_core.shell:Creating package descriptor '/home/demulab-kohei/colcon_ws/install/tmp/share/tmp/package.dsv'
[0.964s] INFO:colcon.colcon_core.shell:Creating package script '/home/demulab-kohei/colcon_ws/install/tmp/share/tmp/package.sh'
[0.964s] INFO:colcon.colcon_core.shell:Creating package script '/home/demulab-kohei/colcon_ws/install/tmp/share/tmp/package.bash'
[0.965s] INFO:colcon.colcon_core.shell:Creating package script '/home/demulab-kohei/colcon_ws/install/tmp/share/tmp/package.zsh'
[0.965s] Level 1:colcon.colcon_core.environment:create_file_with_runtime_dependencies(/home/demulab-kohei/colcon_ws/install/tmp/share/colcon-core/packages/tmp)
[2.536s] DEBUG:colcon.colcon_core.event_handler.log_command:Invoked command in '/home/demulab-kohei/colcon_ws/build/livox_ros_driver2' returned '0': CMAKE_PREFIX_PATH=/opt/ros/foxy /usr/bin/cmake /home/demulab-kohei/colcon_ws/src/livox_ros_driver2 -DROS_EDITION=ROS2 -DHUMBLE_ROS= -DCMAKE_INSTALL_PREFIX=/home/demulab-kohei/colcon_ws/install/livox_ros_driver2
[2.538s] DEBUG:colcon.colcon_core.event_handler.log_command:Invoking command in '/home/demulab-kohei/colcon_ws/build/livox_ros_driver2': CMAKE_PREFIX_PATH=/opt/ros/foxy /usr/bin/cmake --build /home/demulab-kohei/colcon_ws/build/livox_ros_driver2 -- -j20 -l20
[10.150s] DEBUG:colcon.colcon_core.event_handler.log_command:Invoked command in '/home/demulab-kohei/colcon_ws/build/livox_ros_driver2' returned '0': CMAKE_PREFIX_PATH=/opt/ros/foxy /usr/bin/cmake --build /home/demulab-kohei/colcon_ws/build/livox_ros_driver2 -- -j20 -l20
[10.159s] DEBUG:colcon.colcon_core.event_handler.log_command:Invoking command in '/home/demulab-kohei/colcon_ws/build/livox_ros_driver2': CMAKE_PREFIX_PATH=/opt/ros/foxy /usr/bin/cmake --install /home/demulab-kohei/colcon_ws/build/livox_ros_driver2
[10.205s] Level 1:colcon.colcon_core.environment:create_environment_scripts_only(livox_ros_driver2)
[10.206s] Level 1:colcon.colcon_core.environment:checking '/home/demulab-kohei/colcon_ws/install/livox_ros_driver2' for CMake module files
[10.206s] DEBUG:colcon.colcon_core.event_handler.log_command:Invoked command in '/home/demulab-kohei/colcon_ws/build/livox_ros_driver2' returned '0': CMAKE_PREFIX_PATH=/opt/ros/foxy /usr/bin/cmake --install /home/demulab-kohei/colcon_ws/build/livox_ros_driver2
[10.206s] Level 1:colcon.colcon_core.environment:checking '/home/demulab-kohei/colcon_ws/install/livox_ros_driver2' for CMake config files
[10.207s] Level 1:colcon.colcon_core.shell:create_environment_hook('livox_ros_driver2', 'cmake_prefix_path')
[10.207s] INFO:colcon.colcon_core.shell:Creating environment hook '/home/demulab-kohei/colcon_ws/install/livox_ros_driver2/share/livox_ros_driver2/hook/cmake_prefix_path.ps1'
[10.207s] INFO:colcon.colcon_core.shell:Creating environment descriptor '/home/demulab-kohei/colcon_ws/install/livox_ros_driver2/share/livox_ros_driver2/hook/cmake_prefix_path.dsv'
[10.207s] INFO:colcon.colcon_core.shell:Creating environment hook '/home/demulab-kohei/colcon_ws/install/livox_ros_driver2/share/livox_ros_driver2/hook/cmake_prefix_path.sh'
[10.208s] Level 1:colcon.colcon_core.environment:checking '/home/demulab-kohei/colcon_ws/install/livox_ros_driver2/lib'
[10.208s] Level 1:colcon.colcon_core.shell:create_environment_hook('livox_ros_driver2', 'ld_library_path_lib')
[10.208s] INFO:colcon.colcon_core.shell:Creating environment hook '/home/demulab-kohei/colcon_ws/install/livox_ros_driver2/share/livox_ros_driver2/hook/ld_library_path_lib.ps1'
[10.208s] INFO:colcon.colcon_core.shell:Creating environment descriptor '/home/demulab-kohei/colcon_ws/install/livox_ros_driver2/share/livox_ros_driver2/hook/ld_library_path_lib.dsv'
[10.208s] INFO:colcon.colcon_core.shell:Creating environment hook '/home/demulab-kohei/colcon_ws/install/livox_ros_driver2/share/livox_ros_driver2/hook/ld_library_path_lib.sh'
[10.209s] Level 1:colcon.colcon_core.environment:checking '/home/demulab-kohei/colcon_ws/install/livox_ros_driver2/bin'
[10.209s] Level 1:colcon.colcon_core.environment:checking '/home/demulab-kohei/colcon_ws/install/livox_ros_driver2/lib/pkgconfig/livox_ros_driver2.pc'
[10.209s] Level 1:colcon.colcon_core.environment:checking '/home/demulab-kohei/colcon_ws/install/livox_ros_driver2/lib/python3.8/site-packages'
[10.209s] Level 1:colcon.colcon_core.shell:create_environment_hook('livox_ros_driver2', 'pythonpath')
[10.209s] INFO:colcon.colcon_core.shell:Creating environment hook '/home/demulab-kohei/colcon_ws/install/livox_ros_driver2/share/livox_ros_driver2/hook/pythonpath.ps1'
[10.209s] INFO:colcon.colcon_core.shell:Creating environment descriptor '/home/demulab-kohei/colcon_ws/install/livox_ros_driver2/share/livox_ros_driver2/hook/pythonpath.dsv'
[10.210s] INFO:colcon.colcon_core.shell:Creating environment hook '/home/demulab-kohei/colcon_ws/install/livox_ros_driver2/share/livox_ros_driver2/hook/pythonpath.sh'
[10.210s] Level 1:colcon.colcon_core.environment:checking '/home/demulab-kohei/colcon_ws/install/livox_ros_driver2/bin'
[10.210s] INFO:colcon.colcon_core.shell:Creating package script '/home/demulab-kohei/colcon_ws/install/livox_ros_driver2/share/livox_ros_driver2/package.ps1'
[10.211s] INFO:colcon.colcon_core.shell:Creating package descriptor '/home/demulab-kohei/colcon_ws/install/livox_ros_driver2/share/livox_ros_driver2/package.dsv'
[10.211s] INFO:colcon.colcon_core.shell:Creating package script '/home/demulab-kohei/colcon_ws/install/livox_ros_driver2/share/livox_ros_driver2/package.sh'
[10.211s] INFO:colcon.colcon_core.shell:Creating package script '/home/demulab-kohei/colcon_ws/install/livox_ros_driver2/share/livox_ros_driver2/package.bash'
[10.212s] INFO:colcon.colcon_core.shell:Creating package script '/home/demulab-kohei/colcon_ws/install/livox_ros_driver2/share/livox_ros_driver2/package.zsh'
[10.212s] Level 1:colcon.colcon_core.environment:create_file_with_runtime_dependencies(/home/demulab-kohei/colcon_ws/install/livox_ros_driver2/share/colcon-core/packages/livox_ros_driver2)
[10.212s] Level 1:colcon.colcon_core.environment:create_environment_scripts_only(livox_ros_driver2)
[10.212s] Level 1:colcon.colcon_core.environment:checking '/home/demulab-kohei/colcon_ws/install/livox_ros_driver2' for CMake module files
[10.213s] Level 1:colcon.colcon_core.environment:checking '/home/demulab-kohei/colcon_ws/install/livox_ros_driver2' for CMake config files
[10.213s] Level 1:colcon.colcon_core.shell:create_environment_hook('livox_ros_driver2', 'cmake_prefix_path')
[10.213s] INFO:colcon.colcon_core.shell:Creating environment hook '/home/demulab-kohei/colcon_ws/install/livox_ros_driver2/share/livox_ros_driver2/hook/cmake_prefix_path.ps1'
[10.213s] INFO:colcon.colcon_core.shell:Creating environment descriptor '/home/demulab-kohei/colcon_ws/install/livox_ros_driver2/share/livox_ros_driver2/hook/cmake_prefix_path.dsv'
[10.214s] INFO:colcon.colcon_core.shell:Creating environment hook '/home/demulab-kohei/colcon_ws/install/livox_ros_driver2/share/livox_ros_driver2/hook/cmake_prefix_path.sh'
[10.214s] Level 1:colcon.colcon_core.environment:checking '/home/demulab-kohei/colcon_ws/install/livox_ros_driver2/lib'
[10.214s] Level 1:colcon.colcon_core.shell:create_environment_hook('livox_ros_driver2', 'ld_library_path_lib')
[10.214s] INFO:colcon.colcon_core.shell:Creating environment hook '/home/demulab-kohei/colcon_ws/install/livox_ros_driver2/share/livox_ros_driver2/hook/ld_library_path_lib.ps1'
[10.214s] INFO:colcon.colcon_core.shell:Creating environment descriptor '/home/demulab-kohei/colcon_ws/install/livox_ros_driver2/share/livox_ros_driver2/hook/ld_library_path_lib.dsv'
[10.215s] INFO:colcon.colcon_core.shell:Creating environment hook '/home/demulab-kohei/colcon_ws/install/livox_ros_driver2/share/livox_ros_driver2/hook/ld_library_path_lib.sh'
[10.215s] Level 1:colcon.colcon_core.environment:checking '/home/demulab-kohei/colcon_ws/install/livox_ros_driver2/bin'
[10.215s] Level 1:colcon.colcon_core.environment:checking '/home/demulab-kohei/colcon_ws/install/livox_ros_driver2/lib/pkgconfig/livox_ros_driver2.pc'
[10.215s] Level 1:colcon.colcon_core.environment:checking '/home/demulab-kohei/colcon_ws/install/livox_ros_driver2/lib/python3.8/site-packages'
[10.215s] Level 1:colcon.colcon_core.shell:create_environment_hook('livox_ros_driver2', 'pythonpath')
[10.215s] INFO:colcon.colcon_core.shell:Creating environment hook '/home/demulab-kohei/colcon_ws/install/livox_ros_driver2/share/livox_ros_driver2/hook/pythonpath.ps1'
[10.216s] INFO:colcon.colcon_core.shell:Creating environment descriptor '/home/demulab-kohei/colcon_ws/install/livox_ros_driver2/share/livox_ros_driver2/hook/pythonpath.dsv'
[10.216s] INFO:colcon.colcon_core.shell:Creating environment hook '/home/demulab-kohei/colcon_ws/install/livox_ros_driver2/share/livox_ros_driver2/hook/pythonpath.sh'
[10.216s] Level 1:colcon.colcon_core.environment:checking '/home/demulab-kohei/colcon_ws/install/livox_ros_driver2/bin'
[10.216s] INFO:colcon.colcon_core.shell:Creating package script '/home/demulab-kohei/colcon_ws/install/livox_ros_driver2/share/livox_ros_driver2/package.ps1'
[10.217s] INFO:colcon.colcon_core.shell:Creating package descriptor '/home/demulab-kohei/colcon_ws/install/livox_ros_driver2/share/livox_ros_driver2/package.dsv'
[10.217s] INFO:colcon.colcon_core.shell:Creating package script '/home/demulab-kohei/colcon_ws/install/livox_ros_driver2/share/livox_ros_driver2/package.sh'
[10.217s] INFO:colcon.colcon_core.shell:Creating package script '/home/demulab-kohei/colcon_ws/install/livox_ros_driver2/share/livox_ros_driver2/package.bash'
[10.218s] INFO:colcon.colcon_core.shell:Creating package script '/home/demulab-kohei/colcon_ws/install/livox_ros_driver2/share/livox_ros_driver2/package.zsh'
[10.218s] Level 1:colcon.colcon_core.environment:create_file_with_runtime_dependencies(/home/demulab-kohei/colcon_ws/install/livox_ros_driver2/share/colcon-core/packages/livox_ros_driver2)
[10.218s] DEBUG:colcon.colcon_parallel_executor.executor.parallel:closing loop
[10.218s] DEBUG:colcon.colcon_parallel_executor.executor.parallel:loop closed
[10.219s] DEBUG:colcon.colcon_parallel_executor.executor.parallel:run_until_complete finished with '0'
[10.219s] DEBUG:colcon.colcon_core.event_reactor:joining thread
[10.223s] INFO:colcon.colcon_core.plugin_system:Skipping extension 'colcon_notification.desktop_notification.notify_send': Could not find 'notify-send'
[10.223s] INFO:colcon.colcon_core.plugin_system:Skipping extension 'colcon_notification.desktop_notification.terminal_notifier': Not used on non-Darwin systems
[10.223s] INFO:colcon.colcon_core.plugin_system:Skipping extension 'colcon_notification.desktop_notification.win32': Not used on non-Windows systems
[10.223s] INFO:colcon.colcon_notification.desktop_notification:Sending desktop notification using 'notify2'
[10.227s] DEBUG:colcon.colcon_notification.desktop_notification.notify2:Failed to initialize notify2: org.freedesktop.DBus.Error.ServiceUnknown: The name org.freedesktop.Notifications was not provided by any .service files
[10.227s] DEBUG:colcon.colcon_core.event_reactor:joined thread
[10.227s] INFO:colcon.colcon_core.shell:Creating prefix script '/home/demulab-kohei/colcon_ws/install/local_setup.ps1'
[10.228s] INFO:colcon.colcon_core.shell:Creating prefix util module '/home/demulab-kohei/colcon_ws/install/_local_setup_util_ps1.py'
[10.229s] INFO:colcon.colcon_core.shell:Creating prefix chain script '/home/demulab-kohei/colcon_ws/install/setup.ps1'
[10.229s] INFO:colcon.colcon_core.shell:Creating prefix script '/home/demulab-kohei/colcon_ws/install/local_setup.sh'
[10.230s] INFO:colcon.colcon_core.shell:Creating prefix util module '/home/demulab-kohei/colcon_ws/install/_local_setup_util_sh.py'
[10.230s] INFO:colcon.colcon_core.shell:Creating prefix chain script '/home/demulab-kohei/colcon_ws/install/setup.sh'
[10.231s] INFO:colcon.colcon_core.shell:Creating prefix script '/home/demulab-kohei/colcon_ws/install/local_setup.bash'
[10.232s] INFO:colcon.colcon_core.shell:Creating prefix chain script '/home/demulab-kohei/colcon_ws/install/setup.bash'
[10.232s] INFO:colcon.colcon_core.shell:Creating prefix script '/home/demulab-kohei/colcon_ws/install/local_setup.zsh'
[10.233s] INFO:colcon.colcon_core.shell:Creating prefix chain script '/home/demulab-kohei/colcon_ws/install/setup.zsh'
