[0.437s] Invoking command in '/home/demulab-kohei/colcon_ws/build/tmp': PYTHONPATH=/home/demulab-kohei/colcon_ws/build/tmp/prefix_override:/usr/lib/python3/dist-packages/colcon_core/task/python/colcon_distutils_commands:/home/demulab-kohei/colcon_ws/install/tmp/lib/python3.8/site-packages:${PYTHONPATH} /usr/bin/python3 -W ignore:setup.py install is deprecated -W ignore:easy_install command is deprecated setup.py develop --editable --build-directory /home/demulab-kohei/colcon_ws/build/tmp/build --no-deps symlink_data --force
[0.608s] running develop
[0.707s] running egg_info
[0.707s] writing tmp.egg-info/PKG-INFO
[0.707s] writing dependency_links to tmp.egg-info/dependency_links.txt
[0.707s] writing entry points to tmp.egg-info/entry_points.txt
[0.707s] writing requirements to tmp.egg-info/requires.txt
[0.707s] writing top-level names to tmp.egg-info/top_level.txt
[0.730s] reading manifest file 'tmp.egg-info/SOURCES.txt'
[0.730s] writing manifest file 'tmp.egg-info/SOURCES.txt'
[0.755s] running build_ext
[0.755s] Creating /home/demulab-kohei/colcon_ws/install/tmp/lib/python3.8/site-packages/site.py
[0.756s] Creating /home/demulab-kohei/colcon_ws/install/tmp/lib/python3.8/site-packages/tmp.egg-link (link to .)
[0.757s] Installing laser_data_loader script to /home/demulab-kohei/colcon_ws/install/tmp/lib/tmp
[0.757s] 
[0.757s] Installed /home/demulab-kohei/colcon_ws/build/tmp
[0.757s] running symlink_data
[0.757s] symbolically linking /home/demulab-kohei/colcon_ws/build/tmp/resource/tmp -> /home/demulab-kohei/colcon_ws/install/tmp/share/ament_index/resource_index/packages
[0.758s] symbolically linking /home/demulab-kohei/colcon_ws/build/tmp/package.xml -> /home/demulab-kohei/colcon_ws/install/tmp/share/tmp
[0.772s] Invoked command in '/home/demulab-kohei/colcon_ws/build/tmp' returned '0': PYTHONPATH=/home/demulab-kohei/colcon_ws/build/tmp/prefix_override:/usr/lib/python3/dist-packages/colcon_core/task/python/colcon_distutils_commands:/home/demulab-kohei/colcon_ws/install/tmp/lib/python3.8/site-packages:${PYTHONPATH} /usr/bin/python3 -W ignore:setup.py install is deprecated -W ignore:easy_install command is deprecated setup.py develop --editable --build-directory /home/demulab-kohei/colcon_ws/build/tmp/build --no-deps symlink_data --force
