[0.015s] Invoking command in '/home/demulab-kohei/colcon_ws/build/ros2_numpy': CMAKE_PREFIX_PATH=${CMAKE_PREFIX_PATH}:/home/demulab-kohei/colcon_ws/install/tmp:/opt/ros/foxy /usr/bin/cmake /home/demulab-kohei/colcon_ws/src/ros2_numpy -DAMENT_CMAKE_SYMLINK_INSTALL=1 -DCMAKE_INSTALL_PREFIX=/home/demulab-kohei/colcon_ws/install/ros2_numpy
[0.054s] -- The C compiler identification is GNU 9.4.0
[0.090s] -- The CXX compiler identification is GNU 9.4.0
[0.093s] -- Check for working C compiler: /usr/bin/cc
[0.141s] -- Check for working C compiler: /usr/bin/cc -- works
[0.142s] -- Detecting C compiler ABI info
[0.190s] -- Detecting C compiler ABI info - done
[0.198s] -- Detecting C compile features
[0.198s] -- Detecting C compile features - done
[0.200s] -- Check for working CXX compiler: /usr/bin/c++
[0.255s] -- Check for working CXX compiler: /usr/bin/c++ -- works
[0.255s] -- Detecting CXX compiler ABI info
[0.310s] -- Detecting CXX compiler ABI info - done
[0.318s] -- Detecting CXX compile features
[0.319s] -- Detecting CXX compile features - done
[0.320s] -- Found ament_cmake: 0.9.12 (/opt/ros/foxy/share/ament_cmake/cmake)
[0.341s] -- Found PythonInterp: /usr/bin/python3 (found suitable version "3.8.10", minimum required is "3") 
[0.341s] -- Using PYTHON_EXECUTABLE: /usr/bin/python3
[0.469s] -- Override CMake install command with custom implementation using symlinks instead of copying resources
[0.487s] -- Found sensor_msgs: 2.0.5 (/opt/ros/foxy/share/sensor_msgs/cmake)
[0.507s] -- Using all available rosidl_typesupport_c: rosidl_typesupport_fastrtps_c;rosidl_typesupport_introspection_c
[0.512s] -- Found rosidl_adapter: 1.3.1 (/opt/ros/foxy/share/rosidl_adapter/cmake)
[0.572s] -- Found OpenSSL: /usr/lib/x86_64-linux-gnu/libcrypto.so (found version "1.1.1f")  
[0.597s] -- Found FastRTPS: /opt/ros/foxy/include  
[0.659s] -- Using all available rosidl_typesupport_cpp: rosidl_typesupport_fastrtps_cpp;rosidl_typesupport_introspection_cpp
[0.780s] -- Found nav_msgs: 2.0.5 (/opt/ros/foxy/share/nav_msgs/cmake)
[0.855s] -- Found rclpy: 1.0.13 (/opt/ros/foxy/share/rclpy/cmake)
[0.856s] -- Found ament_cmake_pytest: 0.9.12 (/opt/ros/foxy/share/ament_cmake_pytest/cmake)
[3.016s] -- Configuring done
[3.017s] -- Generating done
[3.018s] -- Build files have been written to: /home/demulab-kohei/colcon_ws/build/ros2_numpy
[3.023s] Invoked command in '/home/demulab-kohei/colcon_ws/build/ros2_numpy' returned '0': CMAKE_PREFIX_PATH=${CMAKE_PREFIX_PATH}:/home/demulab-kohei/colcon_ws/install/tmp:/opt/ros/foxy /usr/bin/cmake /home/demulab-kohei/colcon_ws/src/ros2_numpy -DAMENT_CMAKE_SYMLINK_INSTALL=1 -DCMAKE_INSTALL_PREFIX=/home/demulab-kohei/colcon_ws/install/ros2_numpy
[3.025s] Invoking command in '/home/demulab-kohei/colcon_ws/build/ros2_numpy': CMAKE_PREFIX_PATH=${CMAKE_PREFIX_PATH}:/home/demulab-kohei/colcon_ws/install/tmp:/opt/ros/foxy /usr/bin/cmake --build /home/demulab-kohei/colcon_ws/build/ros2_numpy -- -j20 -l20
[3.054s] Invoked command in '/home/demulab-kohei/colcon_ws/build/ros2_numpy' returned '0': CMAKE_PREFIX_PATH=${CMAKE_PREFIX_PATH}:/home/demulab-kohei/colcon_ws/install/tmp:/opt/ros/foxy /usr/bin/cmake --build /home/demulab-kohei/colcon_ws/build/ros2_numpy -- -j20 -l20
[3.056s] Invoking command in '/home/demulab-kohei/colcon_ws/build/ros2_numpy': CMAKE_PREFIX_PATH=${CMAKE_PREFIX_PATH}:/home/demulab-kohei/colcon_ws/install/tmp:/opt/ros/foxy /usr/bin/cmake --install /home/demulab-kohei/colcon_ws/build/ros2_numpy
[3.062s] -- Install configuration: ""
[3.062s] -- Execute custom install script
[3.062s] -- Symlinking: /home/demulab-kohei/colcon_ws/install/ros2_numpy/share/ros2_numpy/environment/pythonpath.sh
[3.069s] -- Symlinking: /home/demulab-kohei/colcon_ws/install/ros2_numpy/share/ros2_numpy/environment/pythonpath.dsv
[3.075s] -- Symlinking: /home/demulab-kohei/colcon_ws/install/ros2_numpy/lib/python3.8/site-packages/ros2_numpy/__init__.py
[3.082s] -- Symlinking: /home/demulab-kohei/colcon_ws/install/ros2_numpy/lib/python3.8/site-packages/ros2_numpy/geometry.py
[3.088s] -- Symlinking: /home/demulab-kohei/colcon_ws/install/ros2_numpy/lib/python3.8/site-packages/ros2_numpy/image.py
[3.094s] -- Symlinking: /home/demulab-kohei/colcon_ws/install/ros2_numpy/lib/python3.8/site-packages/ros2_numpy/laser_scan.py
[3.101s] -- Symlinking: /home/demulab-kohei/colcon_ws/install/ros2_numpy/lib/python3.8/site-packages/ros2_numpy/occupancy_grid.py
[3.107s] -- Symlinking: /home/demulab-kohei/colcon_ws/install/ros2_numpy/lib/python3.8/site-packages/ros2_numpy/point_cloud2.py
[3.114s] -- Symlinking: /home/demulab-kohei/colcon_ws/install/ros2_numpy/lib/python3.8/site-packages/ros2_numpy/registry.py
[3.120s] -- Symlinking: /home/demulab-kohei/colcon_ws/install/ros2_numpy/share/ament_index/resource_index/package_run_dependencies/ros2_numpy
[3.127s] -- Symlinking: /home/demulab-kohei/colcon_ws/install/ros2_numpy/share/ament_index/resource_index/parent_prefix_path/ros2_numpy
[3.135s] -- Symlinking: /home/demulab-kohei/colcon_ws/install/ros2_numpy/share/ros2_numpy/environment/ament_prefix_path.sh
[3.142s] -- Symlinking: /home/demulab-kohei/colcon_ws/install/ros2_numpy/share/ros2_numpy/environment/ament_prefix_path.dsv
[3.150s] -- Symlinking: /home/demulab-kohei/colcon_ws/install/ros2_numpy/share/ros2_numpy/environment/path.sh
[3.158s] -- Symlinking: /home/demulab-kohei/colcon_ws/install/ros2_numpy/share/ros2_numpy/environment/path.dsv
[3.166s] -- Symlinking: /home/demulab-kohei/colcon_ws/install/ros2_numpy/share/ros2_numpy/local_setup.bash
[3.175s] -- Symlinking: /home/demulab-kohei/colcon_ws/install/ros2_numpy/share/ros2_numpy/local_setup.sh
[3.184s] -- Symlinking: /home/demulab-kohei/colcon_ws/install/ros2_numpy/share/ros2_numpy/local_setup.zsh
[3.194s] -- Symlinking: /home/demulab-kohei/colcon_ws/install/ros2_numpy/share/ros2_numpy/local_setup.dsv
[3.204s] -- Symlinking: /home/demulab-kohei/colcon_ws/install/ros2_numpy/share/ros2_numpy/package.dsv
[3.215s] -- Symlinking: /home/demulab-kohei/colcon_ws/install/ros2_numpy/share/ament_index/resource_index/packages/ros2_numpy
[3.226s] -- Symlinking: /home/demulab-kohei/colcon_ws/install/ros2_numpy/share/ros2_numpy/cmake/ament_cmake_export_dependencies-extras.cmake
[3.238s] -- Symlinking: /home/demulab-kohei/colcon_ws/install/ros2_numpy/share/ros2_numpy/cmake/ros2_numpyConfig.cmake
[3.251s] -- Symlinking: /home/demulab-kohei/colcon_ws/install/ros2_numpy/share/ros2_numpy/cmake/ros2_numpyConfig-version.cmake
[3.265s] -- Symlinking: /home/demulab-kohei/colcon_ws/install/ros2_numpy/share/ros2_numpy/package.xml
[3.323s] Listing '/home/demulab-kohei/colcon_ws/install/ros2_numpy/lib/python3.8/site-packages/ros2_numpy'...
[3.324s] Compiling '/home/demulab-kohei/colcon_ws/install/ros2_numpy/lib/python3.8/site-packages/ros2_numpy/__init__.py'...
[3.324s] Compiling '/home/demulab-kohei/colcon_ws/install/ros2_numpy/lib/python3.8/site-packages/ros2_numpy/geometry.py'...
[3.324s] Compiling '/home/demulab-kohei/colcon_ws/install/ros2_numpy/lib/python3.8/site-packages/ros2_numpy/image.py'...
[3.324s] Compiling '/home/demulab-kohei/colcon_ws/install/ros2_numpy/lib/python3.8/site-packages/ros2_numpy/laser_scan.py'...
[3.324s] Compiling '/home/demulab-kohei/colcon_ws/install/ros2_numpy/lib/python3.8/site-packages/ros2_numpy/occupancy_grid.py'...
[3.324s] Compiling '/home/demulab-kohei/colcon_ws/install/ros2_numpy/lib/python3.8/site-packages/ros2_numpy/point_cloud2.py'...
[3.324s] Compiling '/home/demulab-kohei/colcon_ws/install/ros2_numpy/lib/python3.8/site-packages/ros2_numpy/registry.py'...
[3.328s] Invoked command in '/home/demulab-kohei/colcon_ws/build/ros2_numpy' returned '0': CMAKE_PREFIX_PATH=${CMAKE_PREFIX_PATH}:/home/demulab-kohei/colcon_ws/install/tmp:/opt/ros/foxy /usr/bin/cmake --install /home/demulab-kohei/colcon_ws/build/ros2_numpy
