[0.138s] DEBUG:colcon:Command line arguments: ['/usr/bin/colcon', 'build', '--symlink-install', '--packages-select', 'follow_me_by_3d_lidar']
[0.138s] DEBUG:colcon:Parsed command line arguments: Namespace(allow_overriding=[], ament_cmake_args=None, base_paths=['.'], build_base='build', catkin_cmake_args=None, catkin_skip_building_tests=False, cmake_args=None, cmake_clean_cache=False, cmake_clean_first=False, cmake_force_configure=False, cmake_target=None, cmake_target_skip_unavailable=False, continue_on_error=False, event_handlers=None, executor='parallel', ignore_user_meta=False, install_base='install', log_base=None, log_level=None, main=<bound method BuildVerb.main of <colcon_core.verb.build.BuildVerb object at 0x7a92ca161700>>, merge_install=False, metas=['./colcon.meta'], packages_above=None, packages_above_and_dependencies=None, packages_above_depth=None, packages_end=None, packages_ignore=None, packages_ignore_regex=None, packages_select=['follow_me_by_3d_lidar'], packages_select_build_failed=False, packages_select_by_dep=None, packages_select_regex=None, packages_select_test_failures=False, packages_skip=None, packages_skip_build_finished=False, packages_skip_by_dep=None, packages_skip_regex=None, packages_skip_test_passed=False, packages_skip_up_to=None, packages_start=None, packages_up_to=None, packages_up_to_regex=None, parallel_workers=20, paths=None, symlink_install=True, test_result_base=None, verb_extension=<colcon_core.verb.build.BuildVerb object at 0x7a92ca161700>, verb_name='build', verb_parser=<colcon_defaults.argument_parser.defaults.DefaultArgumentsDecorator object at 0x7a92ca161be0>)
[0.245s] Level 1:colcon.colcon_core.package_discovery:discover_packages(colcon_meta) check parameters
[0.245s] Level 1:colcon.colcon_core.package_discovery:discover_packages(recursive) check parameters
[0.245s] Level 1:colcon.colcon_core.package_discovery:discover_packages(ignore) check parameters
[0.245s] Level 1:colcon.colcon_core.package_discovery:discover_packages(path) check parameters
[0.245s] Level 1:colcon.colcon_core.package_discovery:discover_packages(colcon_meta) discover
[0.245s] Level 1:colcon.colcon_core.package_discovery:discover_packages(recursive) discover
[0.245s] INFO:colcon.colcon_core.package_discovery:Crawling recursively for packages in '/home/demulab-kohei/colcon_ws'
[0.246s] Level 1:colcon.colcon_core.package_identification:_identify(.) by extensions ['ignore', 'ignore_ament_install']
[0.246s] Level 1:colcon.colcon_core.package_identification:_identify(.) by extension 'ignore'
[0.246s] Level 1:colcon.colcon_core.package_identification:_identify(.) by extension 'ignore_ament_install'
[0.246s] Level 1:colcon.colcon_core.package_identification:_identify(.) by extensions ['colcon_pkg']
[0.246s] Level 1:colcon.colcon_core.package_identification:_identify(.) by extension 'colcon_pkg'
[0.246s] Level 1:colcon.colcon_core.package_identification:_identify(.) by extensions ['colcon_meta']
[0.246s] Level 1:colcon.colcon_core.package_identification:_identify(.) by extension 'colcon_meta'
[0.246s] Level 1:colcon.colcon_core.package_identification:_identify(.) by extensions ['ros']
[0.246s] Level 1:colcon.colcon_core.package_identification:_identify(.) by extension 'ros'
[0.253s] Level 1:colcon.colcon_core.package_identification:_identify(.) by extensions ['cmake', 'python']
[0.253s] Level 1:colcon.colcon_core.package_identification:_identify(.) by extension 'cmake'
[0.253s] Level 1:colcon.colcon_core.package_identification:_identify(.) by extension 'python'
[0.253s] Level 1:colcon.colcon_core.package_identification:_identify(.) by extensions ['python_setup_py']
[0.253s] Level 1:colcon.colcon_core.package_identification:_identify(.) by extension 'python_setup_py'
[0.253s] Level 1:colcon.colcon_core.package_identification:_identify(build) by extensions ['ignore', 'ignore_ament_install']
[0.253s] Level 1:colcon.colcon_core.package_identification:_identify(build) by extension 'ignore'
[0.254s] Level 1:colcon.colcon_core.package_identification:_identify(build) ignored
[0.254s] Level 1:colcon.colcon_core.package_identification:_identify(install) by extensions ['ignore', 'ignore_ament_install']
[0.254s] Level 1:colcon.colcon_core.package_identification:_identify(install) by extension 'ignore'
[0.254s] Level 1:colcon.colcon_core.package_identification:_identify(install) ignored
[0.254s] Level 1:colcon.colcon_core.package_identification:_identify(log) by extensions ['ignore', 'ignore_ament_install']
[0.254s] Level 1:colcon.colcon_core.package_identification:_identify(log) by extension 'ignore'
[0.254s] Level 1:colcon.colcon_core.package_identification:_identify(log) ignored
[0.254s] Level 1:colcon.colcon_core.package_identification:_identify(src) by extensions ['ignore', 'ignore_ament_install']
[0.254s] Level 1:colcon.colcon_core.package_identification:_identify(src) by extension 'ignore'
[0.254s] Level 1:colcon.colcon_core.package_identification:_identify(src) by extension 'ignore_ament_install'
[0.254s] Level 1:colcon.colcon_core.package_identification:_identify(src) by extensions ['colcon_pkg']
[0.254s] Level 1:colcon.colcon_core.package_identification:_identify(src) by extension 'colcon_pkg'
[0.254s] Level 1:colcon.colcon_core.package_identification:_identify(src) by extensions ['colcon_meta']
[0.254s] Level 1:colcon.colcon_core.package_identification:_identify(src) by extension 'colcon_meta'
[0.254s] Level 1:colcon.colcon_core.package_identification:_identify(src) by extensions ['ros']
[0.254s] Level 1:colcon.colcon_core.package_identification:_identify(src) by extension 'ros'
[0.254s] Level 1:colcon.colcon_core.package_identification:_identify(src) by extensions ['cmake', 'python']
[0.254s] Level 1:colcon.colcon_core.package_identification:_identify(src) by extension 'cmake'
[0.254s] Level 1:colcon.colcon_core.package_identification:_identify(src) by extension 'python'
[0.254s] Level 1:colcon.colcon_core.package_identification:_identify(src) by extensions ['python_setup_py']
[0.254s] Level 1:colcon.colcon_core.package_identification:_identify(src) by extension 'python_setup_py'
[0.254s] Level 1:colcon.colcon_core.package_identification:_identify(src/follow_me_by_3d_lidar) by extensions ['ignore', 'ignore_ament_install']
[0.254s] Level 1:colcon.colcon_core.package_identification:_identify(src/follow_me_by_3d_lidar) by extension 'ignore'
[0.255s] Level 1:colcon.colcon_core.package_identification:_identify(src/follow_me_by_3d_lidar) by extension 'ignore_ament_install'
[0.255s] Level 1:colcon.colcon_core.package_identification:_identify(src/follow_me_by_3d_lidar) by extensions ['colcon_pkg']
[0.255s] Level 1:colcon.colcon_core.package_identification:_identify(src/follow_me_by_3d_lidar) by extension 'colcon_pkg'
[0.255s] Level 1:colcon.colcon_core.package_identification:_identify(src/follow_me_by_3d_lidar) by extensions ['colcon_meta']
[0.255s] Level 1:colcon.colcon_core.package_identification:_identify(src/follow_me_by_3d_lidar) by extension 'colcon_meta'
[0.255s] Level 1:colcon.colcon_core.package_identification:_identify(src/follow_me_by_3d_lidar) by extensions ['ros']
[0.255s] Level 1:colcon.colcon_core.package_identification:_identify(src/follow_me_by_3d_lidar) by extension 'ros'
[0.256s] DEBUG:colcon.colcon_core.package_identification:Package 'src/follow_me_by_3d_lidar' with type 'ros.ament_python' and name 'follow_me_by_3d_lidar'
[0.256s] Level 1:colcon.colcon_core.package_identification:_identify(src/livox_ros_driver2) by extensions ['ignore', 'ignore_ament_install']
[0.256s] Level 1:colcon.colcon_core.package_identification:_identify(src/livox_ros_driver2) by extension 'ignore'
[0.256s] Level 1:colcon.colcon_core.package_identification:_identify(src/livox_ros_driver2) by extension 'ignore_ament_install'
[0.257s] Level 1:colcon.colcon_core.package_identification:_identify(src/livox_ros_driver2) by extensions ['colcon_pkg']
[0.257s] Level 1:colcon.colcon_core.package_identification:_identify(src/livox_ros_driver2) by extension 'colcon_pkg'
[0.257s] Level 1:colcon.colcon_core.package_identification:_identify(src/livox_ros_driver2) by extensions ['colcon_meta']
[0.257s] Level 1:colcon.colcon_core.package_identification:_identify(src/livox_ros_driver2) by extension 'colcon_meta'
[0.257s] Level 1:colcon.colcon_core.package_identification:_identify(src/livox_ros_driver2) by extensions ['ros']
[0.257s] Level 1:colcon.colcon_core.package_identification:_identify(src/livox_ros_driver2) by extension 'ros'
[0.257s] DEBUG:colcon.colcon_core.package_identification:Package 'src/livox_ros_driver2' with type 'ros.ament_cmake' and name 'livox_ros_driver2'
[0.258s] Level 1:colcon.colcon_core.package_identification:_identify(src/ros2_numpy) by extensions ['ignore', 'ignore_ament_install']
[0.258s] Level 1:colcon.colcon_core.package_identification:_identify(src/ros2_numpy) by extension 'ignore'
[0.258s] Level 1:colcon.colcon_core.package_identification:_identify(src/ros2_numpy) by extension 'ignore_ament_install'
[0.258s] Level 1:colcon.colcon_core.package_identification:_identify(src/ros2_numpy) by extensions ['colcon_pkg']
[0.258s] Level 1:colcon.colcon_core.package_identification:_identify(src/ros2_numpy) by extension 'colcon_pkg'
[0.258s] Level 1:colcon.colcon_core.package_identification:_identify(src/ros2_numpy) by extensions ['colcon_meta']
[0.258s] Level 1:colcon.colcon_core.package_identification:_identify(src/ros2_numpy) by extension 'colcon_meta'
[0.258s] Level 1:colcon.colcon_core.package_identification:_identify(src/ros2_numpy) by extensions ['ros']
[0.258s] Level 1:colcon.colcon_core.package_identification:_identify(src/ros2_numpy) by extension 'ros'
[0.259s] DEBUG:colcon.colcon_core.package_identification:Package 'src/ros2_numpy' with type 'ros.ament_cmake' and name 'ros2_numpy'
[0.259s] Level 1:colcon.colcon_core.package_identification:_identify(src/tmp) by extensions ['ignore', 'ignore_ament_install']
[0.259s] Level 1:colcon.colcon_core.package_identification:_identify(src/tmp) by extension 'ignore'
[0.259s] Level 1:colcon.colcon_core.package_identification:_identify(src/tmp) by extension 'ignore_ament_install'
[0.259s] Level 1:colcon.colcon_core.package_identification:_identify(src/tmp) by extensions ['colcon_pkg']
[0.259s] Level 1:colcon.colcon_core.package_identification:_identify(src/tmp) by extension 'colcon_pkg'
[0.259s] Level 1:colcon.colcon_core.package_identification:_identify(src/tmp) by extensions ['colcon_meta']
[0.259s] Level 1:colcon.colcon_core.package_identification:_identify(src/tmp) by extension 'colcon_meta'
[0.259s] Level 1:colcon.colcon_core.package_identification:_identify(src/tmp) by extensions ['ros']
[0.259s] Level 1:colcon.colcon_core.package_identification:_identify(src/tmp) by extension 'ros'
[0.259s] DEBUG:colcon.colcon_core.package_identification:Package 'src/tmp' with type 'ros.ament_python' and name 'tmp'
[0.259s] Level 1:colcon.colcon_core.package_discovery:discover_packages(recursive) using defaults
[0.259s] Level 1:colcon.colcon_core.package_discovery:discover_packages(ignore) discover
[0.259s] Level 1:colcon.colcon_core.package_discovery:discover_packages(ignore) using defaults
[0.259s] Level 1:colcon.colcon_core.package_discovery:discover_packages(path) discover
[0.259s] Level 1:colcon.colcon_core.package_discovery:discover_packages(path) using defaults
[0.270s] INFO:colcon.colcon_core.package_selection:Skipping not selected package 'livox_ros_driver2' in 'src/livox_ros_driver2'
[0.270s] INFO:colcon.colcon_core.package_selection:Skipping not selected package 'ros2_numpy' in 'src/ros2_numpy'
[0.270s] INFO:colcon.colcon_core.package_selection:Skipping not selected package 'tmp' in 'src/tmp'
[0.270s] Level 1:colcon.colcon_core.package_discovery:discover_packages(prefix_path) check parameters
[0.270s] Level 1:colcon.colcon_core.package_discovery:discover_packages(prefix_path) discover
[0.272s] DEBUG:colcon.colcon_installed_package_information.package_discovery:Found 3 installed packages in /home/demulab-kohei/colcon_ws/install
[0.273s] DEBUG:colcon.colcon_installed_package_information.package_discovery:Found 267 installed packages in /opt/ros/foxy
[0.279s] Level 1:colcon.colcon_core.package_discovery:discover_packages(prefix_path) using defaults
[0.324s] Level 5:colcon.colcon_core.verb:set package 'follow_me_by_3d_lidar' build argument 'cmake_args' from command line to 'None'
[0.324s] Level 5:colcon.colcon_core.verb:set package 'follow_me_by_3d_lidar' build argument 'cmake_target' from command line to 'None'
[0.324s] Level 5:colcon.colcon_core.verb:set package 'follow_me_by_3d_lidar' build argument 'cmake_target_skip_unavailable' from command line to 'False'
[0.324s] Level 5:colcon.colcon_core.verb:set package 'follow_me_by_3d_lidar' build argument 'cmake_clean_cache' from command line to 'False'
[0.324s] Level 5:colcon.colcon_core.verb:set package 'follow_me_by_3d_lidar' build argument 'cmake_clean_first' from command line to 'False'
[0.324s] Level 5:colcon.colcon_core.verb:set package 'follow_me_by_3d_lidar' build argument 'cmake_force_configure' from command line to 'False'
[0.324s] Level 5:colcon.colcon_core.verb:set package 'follow_me_by_3d_lidar' build argument 'ament_cmake_args' from command line to 'None'
[0.324s] Level 5:colcon.colcon_core.verb:set package 'follow_me_by_3d_lidar' build argument 'catkin_cmake_args' from command line to 'None'
[0.324s] Level 5:colcon.colcon_core.verb:set package 'follow_me_by_3d_lidar' build argument 'catkin_skip_building_tests' from command line to 'False'
[0.324s] DEBUG:colcon.colcon_core.verb:Building package 'follow_me_by_3d_lidar' with the following arguments: {'ament_cmake_args': None, 'build_base': '/home/demulab-kohei/colcon_ws/build/follow_me_by_3d_lidar', 'catkin_cmake_args': None, 'catkin_skip_building_tests': False, 'cmake_args': None, 'cmake_clean_cache': False, 'cmake_clean_first': False, 'cmake_force_configure': False, 'cmake_target': None, 'cmake_target_skip_unavailable': False, 'install_base': '/home/demulab-kohei/colcon_ws/install/follow_me_by_3d_lidar', 'merge_install': False, 'path': '/home/demulab-kohei/colcon_ws/src/follow_me_by_3d_lidar', 'symlink_install': True, 'test_result_base': None}
[0.324s] INFO:colcon.colcon_core.executor:Executing jobs using 'parallel' executor
[0.324s] DEBUG:colcon.colcon_parallel_executor.executor.parallel:run_until_complete
[0.325s] INFO:colcon.colcon_ros.task.ament_python.build:Building ROS package in '/home/demulab-kohei/colcon_ws/src/follow_me_by_3d_lidar' with build type 'ament_python'
[0.325s] Level 1:colcon.colcon_core.shell:create_environment_hook('follow_me_by_3d_lidar', 'ament_prefix_path')
[0.326s] INFO:colcon.colcon_core.plugin_system:Skipping extension 'colcon_core.shell.bat': Not used on non-Windows systems
[0.326s] INFO:colcon.colcon_core.shell:Creating environment hook '/home/demulab-kohei/colcon_ws/install/follow_me_by_3d_lidar/share/follow_me_by_3d_lidar/hook/ament_prefix_path.ps1'
[0.327s] INFO:colcon.colcon_core.shell:Creating environment descriptor '/home/demulab-kohei/colcon_ws/install/follow_me_by_3d_lidar/share/follow_me_by_3d_lidar/hook/ament_prefix_path.dsv'
[0.327s] INFO:colcon.colcon_core.shell:Creating environment hook '/home/demulab-kohei/colcon_ws/install/follow_me_by_3d_lidar/share/follow_me_by_3d_lidar/hook/ament_prefix_path.sh'
[0.328s] INFO:colcon.colcon_core.shell:Skip shell extension 'powershell' for command environment: Not usable outside of PowerShell
[0.328s] DEBUG:colcon.colcon_core.shell:Skip shell extension 'dsv' for command environment
[0.490s] INFO:colcon.colcon_core.task.python.build:Building Python package in '/home/demulab-kohei/colcon_ws/src/follow_me_by_3d_lidar'
[0.491s] INFO:colcon.colcon_core.shell:Skip shell extension 'powershell' for command environment: Not usable outside of PowerShell
[0.491s] DEBUG:colcon.colcon_core.shell:Skip shell extension 'dsv' for command environment
[0.787s] DEBUG:colcon.colcon_core.event_handler.log_command:Invoking command in '/home/demulab-kohei/colcon_ws/build/follow_me_by_3d_lidar': PYTHONPATH=/home/demulab-kohei/colcon_ws/build/follow_me_by_3d_lidar/prefix_override:/usr/lib/python3/dist-packages/colcon_core/task/python/colcon_distutils_commands:/home/demulab-kohei/colcon_ws/install/follow_me_by_3d_lidar/lib/python3.8/site-packages:${PYTHONPATH} /usr/bin/python3 -W ignore:setup.py install is deprecated -W ignore:easy_install command is deprecated setup.py develop --editable --build-directory /home/demulab-kohei/colcon_ws/build/follow_me_by_3d_lidar/build --no-deps symlink_data
[1.111s] Level 1:colcon.colcon_core.shell:create_environment_hook('follow_me_by_3d_lidar', 'pythonpath_develop')
[1.111s] INFO:colcon.colcon_core.shell:Creating environment hook '/home/demulab-kohei/colcon_ws/build/follow_me_by_3d_lidar/share/follow_me_by_3d_lidar/hook/pythonpath_develop.ps1'
[1.112s] DEBUG:colcon.colcon_core.event_handler.log_command:Invoked command in '/home/demulab-kohei/colcon_ws/build/follow_me_by_3d_lidar' returned '0': PYTHONPATH=/home/demulab-kohei/colcon_ws/build/follow_me_by_3d_lidar/prefix_override:/usr/lib/python3/dist-packages/colcon_core/task/python/colcon_distutils_commands:/home/demulab-kohei/colcon_ws/install/follow_me_by_3d_lidar/lib/python3.8/site-packages:${PYTHONPATH} /usr/bin/python3 -W ignore:setup.py install is deprecated -W ignore:easy_install command is deprecated setup.py develop --editable --build-directory /home/demulab-kohei/colcon_ws/build/follow_me_by_3d_lidar/build --no-deps symlink_data
[1.112s] INFO:colcon.colcon_core.shell:Creating environment descriptor '/home/demulab-kohei/colcon_ws/build/follow_me_by_3d_lidar/share/follow_me_by_3d_lidar/hook/pythonpath_develop.dsv'
[1.112s] INFO:colcon.colcon_core.shell:Creating environment hook '/home/demulab-kohei/colcon_ws/build/follow_me_by_3d_lidar/share/follow_me_by_3d_lidar/hook/pythonpath_develop.sh'
[1.118s] Level 1:colcon.colcon_core.environment:checking '/home/demulab-kohei/colcon_ws/install/follow_me_by_3d_lidar' for CMake module files
[1.118s] Level 1:colcon.colcon_core.environment:checking '/home/demulab-kohei/colcon_ws/install/follow_me_by_3d_lidar' for CMake config files
[1.118s] Level 1:colcon.colcon_core.environment:checking '/home/demulab-kohei/colcon_ws/install/follow_me_by_3d_lidar/lib'
[1.119s] Level 1:colcon.colcon_core.environment:checking '/home/demulab-kohei/colcon_ws/install/follow_me_by_3d_lidar/bin'
[1.119s] Level 1:colcon.colcon_core.environment:checking '/home/demulab-kohei/colcon_ws/install/follow_me_by_3d_lidar/lib/pkgconfig/follow_me_by_3d_lidar.pc'
[1.119s] Level 1:colcon.colcon_core.environment:checking '/home/demulab-kohei/colcon_ws/install/follow_me_by_3d_lidar/lib/python3.8/site-packages'
[1.119s] Level 1:colcon.colcon_core.shell:create_environment_hook('follow_me_by_3d_lidar', 'pythonpath')
[1.119s] INFO:colcon.colcon_core.shell:Creating environment hook '/home/demulab-kohei/colcon_ws/install/follow_me_by_3d_lidar/share/follow_me_by_3d_lidar/hook/pythonpath.ps1'
[1.119s] INFO:colcon.colcon_core.shell:Creating environment descriptor '/home/demulab-kohei/colcon_ws/install/follow_me_by_3d_lidar/share/follow_me_by_3d_lidar/hook/pythonpath.dsv'
[1.119s] INFO:colcon.colcon_core.shell:Creating environment hook '/home/demulab-kohei/colcon_ws/install/follow_me_by_3d_lidar/share/follow_me_by_3d_lidar/hook/pythonpath.sh'
[1.120s] Level 1:colcon.colcon_core.environment:checking '/home/demulab-kohei/colcon_ws/install/follow_me_by_3d_lidar/bin'
[1.120s] Level 1:colcon.colcon_core.environment:create_environment_scripts_only(follow_me_by_3d_lidar)
[1.120s] INFO:colcon.colcon_core.shell:Creating package script '/home/demulab-kohei/colcon_ws/install/follow_me_by_3d_lidar/share/follow_me_by_3d_lidar/package.ps1'
[1.121s] INFO:colcon.colcon_core.shell:Creating package descriptor '/home/demulab-kohei/colcon_ws/install/follow_me_by_3d_lidar/share/follow_me_by_3d_lidar/package.dsv'
[1.121s] INFO:colcon.colcon_core.shell:Creating package script '/home/demulab-kohei/colcon_ws/install/follow_me_by_3d_lidar/share/follow_me_by_3d_lidar/package.sh'
[1.122s] INFO:colcon.colcon_core.shell:Creating package script '/home/demulab-kohei/colcon_ws/install/follow_me_by_3d_lidar/share/follow_me_by_3d_lidar/package.bash'
[1.123s] INFO:colcon.colcon_core.shell:Creating package script '/home/demulab-kohei/colcon_ws/install/follow_me_by_3d_lidar/share/follow_me_by_3d_lidar/package.zsh'
[1.123s] Level 1:colcon.colcon_core.environment:create_file_with_runtime_dependencies(/home/demulab-kohei/colcon_ws/install/follow_me_by_3d_lidar/share/colcon-core/packages/follow_me_by_3d_lidar)
[1.124s] DEBUG:colcon.colcon_parallel_executor.executor.parallel:closing loop
[1.124s] DEBUG:colcon.colcon_parallel_executor.executor.parallel:loop closed
[1.124s] DEBUG:colcon.colcon_parallel_executor.executor.parallel:run_until_complete finished with '0'
[1.124s] DEBUG:colcon.colcon_core.event_reactor:joining thread
[1.128s] INFO:colcon.colcon_core.plugin_system:Skipping extension 'colcon_notification.desktop_notification.notify_send': Could not find 'notify-send'
[1.128s] INFO:colcon.colcon_core.plugin_system:Skipping extension 'colcon_notification.desktop_notification.terminal_notifier': Not used on non-Darwin systems
[1.128s] INFO:colcon.colcon_core.plugin_system:Skipping extension 'colcon_notification.desktop_notification.win32': Not used on non-Windows systems
[1.128s] INFO:colcon.colcon_notification.desktop_notification:Sending desktop notification using 'notify2'
[1.131s] DEBUG:colcon.colcon_notification.desktop_notification.notify2:Failed to initialize notify2: org.freedesktop.DBus.Error.ServiceUnknown: The name org.freedesktop.Notifications was not provided by any .service files
[1.132s] DEBUG:colcon.colcon_core.event_reactor:joined thread
[1.132s] INFO:colcon.colcon_core.shell:Creating prefix script '/home/demulab-kohei/colcon_ws/install/local_setup.ps1'
[1.133s] INFO:colcon.colcon_core.shell:Creating prefix util module '/home/demulab-kohei/colcon_ws/install/_local_setup_util_ps1.py'
[1.134s] INFO:colcon.colcon_core.shell:Creating prefix chain script '/home/demulab-kohei/colcon_ws/install/setup.ps1'
[1.135s] INFO:colcon.colcon_core.shell:Creating prefix script '/home/demulab-kohei/colcon_ws/install/local_setup.sh'
[1.135s] INFO:colcon.colcon_core.shell:Creating prefix util module '/home/demulab-kohei/colcon_ws/install/_local_setup_util_sh.py'
[1.135s] INFO:colcon.colcon_core.shell:Creating prefix chain script '/home/demulab-kohei/colcon_ws/install/setup.sh'
[1.136s] INFO:colcon.colcon_core.shell:Creating prefix script '/home/demulab-kohei/colcon_ws/install/local_setup.bash'
[1.136s] INFO:colcon.colcon_core.shell:Creating prefix chain script '/home/demulab-kohei/colcon_ws/install/setup.bash'
[1.137s] INFO:colcon.colcon_core.shell:Creating prefix script '/home/demulab-kohei/colcon_ws/install/local_setup.zsh'
[1.138s] INFO:colcon.colcon_core.shell:Creating prefix chain script '/home/demulab-kohei/colcon_ws/install/setup.zsh'
