running develop
running egg_info
creating follow_me_by_3d_lidar.egg-info
writing follow_me_by_3d_lidar.egg-info/PKG-INFO
writing dependency_links to follow_me_by_3d_lidar.egg-info/dependency_links.txt
writing entry points to follow_me_by_3d_lidar.egg-info/entry_points.txt
writing requirements to follow_me_by_3d_lidar.egg-info/requires.txt
writing top-level names to follow_me_by_3d_lidar.egg-info/top_level.txt
writing manifest file 'follow_me_by_3d_lidar.egg-info/SOURCES.txt'
reading manifest file 'follow_me_by_3d_lidar.egg-info/SOURCES.txt'
writing manifest file 'follow_me_by_3d_lidar.egg-info/SOURCES.txt'
running build_ext
Creating /home/demulab-kohei/colcon_ws/install/follow_me_by_3d_lidar/lib/python3.8/site-packages/site.py
Creating /home/demulab-kohei/colcon_ws/install/follow_me_by_3d_lidar/lib/python3.8/site-packages/follow-me-by-3d-lidar.egg-link (link to .)
Installing person_detector script to /home/demulab-kohei/colcon_ws/install/follow_me_by_3d_lidar/lib/follow_me_by_3d_lidar

Installed /home/demulab-kohei/colcon_ws/build/follow_me_by_3d_lidar
running symlink_data
creating /home/demulab-kohei/colcon_ws/install/follow_me_by_3d_lidar/share/ament_index
creating /home/demulab-kohei/colcon_ws/install/follow_me_by_3d_lidar/share/ament_index/resource_index
creating /home/demulab-kohei/colcon_ws/install/follow_me_by_3d_lidar/share/ament_index/resource_index/packages
symbolically linking /home/demulab-kohei/colcon_ws/build/follow_me_by_3d_lidar/resource/follow_me_by_3d_lidar -> /home/demulab-kohei/colcon_ws/install/follow_me_by_3d_lidar/share/ament_index/resource_index/packages
symbolically linking /home/demulab-kohei/colcon_ws/build/follow_me_by_3d_lidar/package.xml -> /home/demulab-kohei/colcon_ws/install/follow_me_by_3d_lidar/share/follow_me_by_3d_lidar
