[0.462s] Invoking command in '/home/demulab-kohei/colcon_ws/build/follow_me_by_3d_lidar': PYTHONPATH=/home/demulab-kohei/colcon_ws/build/follow_me_by_3d_lidar/prefix_override:/usr/lib/python3/dist-packages/colcon_core/task/python/colcon_distutils_commands:/home/demulab-kohei/colcon_ws/install/follow_me_by_3d_lidar/lib/python3.8/site-packages:${PYTHONPATH} /usr/bin/python3 -W ignore:setup.py install is deprecated -W ignore:easy_install command is deprecated setup.py develop --editable --build-directory /home/demulab-kohei/colcon_ws/build/follow_me_by_3d_lidar/build --no-deps symlink_data
[0.628s] running develop
[0.723s] running egg_info
[0.723s] creating follow_me_by_3d_lidar.egg-info
[0.723s] writing follow_me_by_3d_lidar.egg-info/PKG-INFO
[0.723s] writing dependency_links to follow_me_by_3d_lidar.egg-info/dependency_links.txt
[0.723s] writing entry points to follow_me_by_3d_lidar.egg-info/entry_points.txt
[0.723s] writing requirements to follow_me_by_3d_lidar.egg-info/requires.txt
[0.723s] writing top-level names to follow_me_by_3d_lidar.egg-info/top_level.txt
[0.725s] writing manifest file 'follow_me_by_3d_lidar.egg-info/SOURCES.txt'
[0.746s] reading manifest file 'follow_me_by_3d_lidar.egg-info/SOURCES.txt'
[0.746s] writing manifest file 'follow_me_by_3d_lidar.egg-info/SOURCES.txt'
[0.770s] running build_ext
[0.770s] Creating /home/demulab-kohei/colcon_ws/install/follow_me_by_3d_lidar/lib/python3.8/site-packages/site.py
[0.771s] Creating /home/demulab-kohei/colcon_ws/install/follow_me_by_3d_lidar/lib/python3.8/site-packages/follow-me-by-3d-lidar.egg-link (link to .)
[0.772s] Installing person_detector script to /home/demulab-kohei/colcon_ws/install/follow_me_by_3d_lidar/lib/follow_me_by_3d_lidar
[0.772s] 
[0.772s] Installed /home/demulab-kohei/colcon_ws/build/follow_me_by_3d_lidar
[0.772s] running symlink_data
[0.772s] creating /home/demulab-kohei/colcon_ws/install/follow_me_by_3d_lidar/share/ament_index
[0.772s] creating /home/demulab-kohei/colcon_ws/install/follow_me_by_3d_lidar/share/ament_index/resource_index
[0.772s] creating /home/demulab-kohei/colcon_ws/install/follow_me_by_3d_lidar/share/ament_index/resource_index/packages
[0.773s] symbolically linking /home/demulab-kohei/colcon_ws/build/follow_me_by_3d_lidar/resource/follow_me_by_3d_lidar -> /home/demulab-kohei/colcon_ws/install/follow_me_by_3d_lidar/share/ament_index/resource_index/packages
[0.773s] symbolically linking /home/demulab-kohei/colcon_ws/build/follow_me_by_3d_lidar/package.xml -> /home/demulab-kohei/colcon_ws/install/follow_me_by_3d_lidar/share/follow_me_by_3d_lidar
[0.787s] Invoked command in '/home/demulab-kohei/colcon_ws/build/follow_me_by_3d_lidar' returned '0': PYTHONPATH=/home/demulab-kohei/colcon_ws/build/follow_me_by_3d_lidar/prefix_override:/usr/lib/python3/dist-packages/colcon_core/task/python/colcon_distutils_commands:/home/demulab-kohei/colcon_ws/install/follow_me_by_3d_lidar/lib/python3.8/site-packages:${PYTHONPATH} /usr/bin/python3 -W ignore:setup.py install is deprecated -W ignore:easy_install command is deprecated setup.py develop --editable --build-directory /home/demulab-kohei/colcon_ws/build/follow_me_by_3d_lidar/build --no-deps symlink_data
